#
# A fatal error has been detected by the Java Runtime Environment:
#
#  EXCEPTION_ACCESS_VIOLATION (0xc0000005) at pc=0x00007ffdbc875bf1, pid=25456, tid=8460
#
# JRE version: OpenJDK Runtime Environment (15.0.1+9) (build 15.0.1+9-18)
# Java VM: OpenJDK 64-Bit Server VM (15.0.1+9-18, mixed mode, tiered, compressed oops, g1 gc, windows-amd64)
# Problematic frame:
# V  [jvm.dll+0x3a5bf1]
#
# No core dump will be written. Minidumps are not enabled by default on client versions of Windows
#
# If you would like to submit a bug report, please visit:
#   https://bugreport.java.com/bugreport/crash.jsp
#

---------------  S U M M A R Y ------------

Command Line: -XX:+ShowCodeDetailsInExceptionMessages -agentlib:jdwp=transport=dt_socket,suspend=y,address=localhost:57993 -ea -Dfile.encoding=UTF-8 org.testng.remote.RemoteTestNG -serport 62975 -protocol json -d C:\Users\Kiruthika.R\git\Test-Automation\LHHAutomationFramework\test-output C:\Users\KIRUTH~1.R\AppData\Local\Temp\testng-eclipse--2074789372\testng-customsuite.xml

Host: Intel(R) Core(TM) i7-10610U CPU @ 1.80GHz, 8 cores, 15G,  Windows 10 , 64 bit Build 18362 (10.0.18362.1714)
Time: Mon Sep 13 11:52:36 2021 India Standard Time elapsed time: 1851.819886 seconds (0d 0h 30m 51s)

---------------  T H R E A D  ---------------

Current thread (0x0000029535873ad0):  JavaThread "AWT-Windows" daemon [_thread_in_vm, id=8460, stack(0x000000f638e00000,0x000000f638f00000)]

Stack: [0x000000f638e00000,0x000000f638f00000],  sp=0x000000f638efe8d0,  free space=1018k
Native frames: (J=compiled Java code, j=interpreted, Vv=VM code, C=native code)
V  [jvm.dll+0x3a5bf1]
C  [awt.dll+0x6ad44]

Java frames: (J=compiled Java code, j=interpreted, Vv=VM code)
j  sun.awt.windows.WToolkit.eventLoop()V+0 java.desktop@15.0.1
j  sun.awt.windows.WToolkit.run()V+50 java.desktop@15.0.1
j  java.lang.Thread.run()V+11 java.base@15.0.1
v  ~StubRoutines::call_stub

siginfo: EXCEPTION_ACCESS_VIOLATION (0xc0000005), reading address 0x0000000000000000


Register to memory mapping:

RIP=0x00007ffdbc875bf1 jvm.dll
RAX=0x0 is NULL
RBX=0x0000029535873ad0 is a thread
RCX=0x0000029535873ad0 is a thread
RDX=0x000002953b0d2130 is a global jni handle
RSP=0x000000f638efe8d0 is pointing into the stack for thread: 0x0000029535873ad0
RBP=0x000000f638efe9c8 is pointing into the stack for thread: 0x0000029535873ad0
RSI=0x0 is NULL
RDI=0x0000029535873df8 points into unknown readable memory: 0x00007ffdbcecde40 | 40 de ec bc fd 7f 00 00
R8 =0x0 is NULL
R9 =0x000000f638efe9c8 is pointing into the stack for thread: 0x0000029535873ad0
R10=0x00000295132e1160 points into unknown readable memory: 0x0000000000000000 | 00 00 00 00 00 00 00 00
R11=0x000000f638efe978 is pointing into the stack for thread: 0x0000029535873ad0
R12=0x00007ffdc5140000 awt.dll
R13=0x00000000000e0f34 is an unknown value
R14=0x000002953b0d2130 is a global jni handle
R15=0x0000000000000308 is an unknown value


Registers:
RAX=0x0000000000000000, RBX=0x0000029535873ad0, RCX=0x0000029535873ad0, RDX=0x000002953b0d2130
RSP=0x000000f638efe8d0, RBP=0x000000f638efe9c8, RSI=0x0000000000000000, RDI=0x0000029535873df8
R8 =0x0000000000000000, R9 =0x000000f638efe9c8, R10=0x00000295132e1160, R11=0x000000f638efe978
R12=0x00007ffdc5140000, R13=0x00000000000e0f34, R14=0x000002953b0d2130, R15=0x0000000000000308
RIP=0x00007ffdbc875bf1, EFLAGS=0x0000000000010246

Top of Stack: (sp=0x000000f638efe8d0)
0x000000f638efe8d0:   000000f638efec10 000000f638efe9d0
0x000000f638efe8e0:   0000000000000000 0000000000000000
0x000000f638efe8f0:   0000029518523e00 00007ffdbc886dc4
0x000000f638efe900:   00008c3958f142ac 0000029535873ad0
0x000000f638efe910:   0000029535873ad0 00000295387a8860
0x000000f638efe920:   0000029535873ad0 0000000000000000
0x000000f638efe930:   0000000000000001 000000f638efeb58
0x000000f638efe940:   000000f638efeb78 00007ffdbc886dc4
0x000000f638efe950:   00008c3958f1427c 00007ffdc521ae3f
0x000000f638efe960:   000000f638efeb78 00007ffe3a0d4013
0x000000f638efe970:   0000000000000000 00007ffdc51aad44
0x000000f638efe980:   0000000000000000 0000000000000000
0x000000f638efe990:   0000000000000000 0000000000000000
0x000000f638efe9a0:   0000000000000000 00007ffdc51cb84b
0x000000f638efe9b0:   0000000000000000 0000029535873df8
0x000000f638efe9c0:   0000000000000000 0000000000000000 

Instructions: (pc=0x00007ffdbc875bf1)
0x00007ffdbc875af1:   00 00 e8 f8 6c 27 00 48 8b 87 10 01 00 00 c0 e8
0x00007ffdbc875b01:   03 a8 01 74 08 48 8b cf e8 72 71 2e 00 c7 87 98
0x00007ffdbc875b11:   03 00 00 04 00 00 00 48 81 c4 b0 00 00 00 41 5e
0x00007ffdbc875b21:   5f 5e 5d 5b c3 cc cc cc cc cc cc cc cc cc cc 48
0x00007ffdbc875b31:   89 5c 24 08 48 89 6c 24 10 48 89 74 24 18 48 89
0x00007ffdbc875b41:   7c 24 20 41 56 48 81 ec a0 00 00 00 8b 81 88 00
0x00007ffdbc875b51:   00 00 48 8d 99 d8 fc ff ff 05 55 21 ff ff 49 8b
0x00007ffdbc875b61:   e9 49 8b f0 4c 8b f2 48 8b f9 83 f8 01 76 0a 48
0x00007ffdbc875b71:   8b cb e8 08 7a 39 00 33 db c7 83 98 03 00 00 05
0x00007ffdbc875b81:   00 00 00 e8 67 6c 27 00 48 8b 03 48 8b cb ff 50
0x00007ffdbc875b91:   38 84 c0 74 0e 48 8b 83 10 01 00 00 c0 e8 03 24
0x00007ffdbc875ba1:   01 eb 0b 8b 05 66 6b 6f 00 85 c0 0f 95 c0 84 c0
0x00007ffdbc875bb1:   75 0d 8b 83 e0 00 00 00 a9 04 00 00 20 74 08 48
0x00007ffdbc875bc1:   8b cb e8 38 80 39 00 c7 83 98 03 00 00 06 00 00
0x00007ffdbc875bd1:   00 48 83 7b 08 00 48 89 5c 24 50 48 c7 44 24 58
0x00007ffdbc875be1:   00 00 00 00 74 0a 48 8d 4c 24 50 e8 ef 0c 2b 00
0x00007ffdbc875bf1:   48 8b 16 48 8d 4c 24 70 c7 44 24 40 0e 00 00 00
0x00007ffdbc875c01:   e8 ea 19 01 00 48 8d 05 4b 4e 4f 00 48 89 5c 24
0x00007ffdbc875c11:   30 48 89 44 24 70 48 8d 54 24 40 48 8d 44 24 70
0x00007ffdbc875c21:   48 89 ac 24 98 00 00 00 48 89 44 24 28 41 b9 01
0x00007ffdbc875c31:   00 00 00 4d 8b c6 48 89 74 24 20 48 8b cf e8 6c
0x00007ffdbc875c41:   2b 01 00 48 83 7c 24 58 00 74 0a 48 8d 4c 24 50
0x00007ffdbc875c51:   e8 2a 0d 2b 00 48 8b bb f8 00 00 00 48 8b 4f 10
0x00007ffdbc875c61:   48 83 39 00 74 0c 48 8b cf e8 21 eb f6 ff 48 8b
0x00007ffdbc875c71:   4f 10 48 8b 47 08 48 89 48 10 48 8b 4f 08 48 8b
0x00007ffdbc875c81:   47 18 48 89 41 18 48 8b 4f 08 48 8b 47 20 48 89
0x00007ffdbc875c91:   41 20 c7 83 98 03 00 00 07 00 00 00 e8 4e 6b 27
0x00007ffdbc875ca1:   00 48 8b 83 10 01 00 00 c0 e8 03 a8 01 74 08 48
0x00007ffdbc875cb1:   8b cb e8 c8 6f 2e 00 4c 8d 9c 24 a0 00 00 00 c7
0x00007ffdbc875cc1:   83 98 03 00 00 04 00 00 00 49 8b 5b 10 49 8b 6b
0x00007ffdbc875cd1:   18 49 8b 73 20 49 8b 7b 28 49 8b e3 41 5e c3 48
0x00007ffdbc875ce1:   89 5c 24 08 48 89 6c 24 10 48 89 74 24 18 48 89 


Stack slot to memory mapping:
stack at sp + 0 slots: 0x000000f638efec10 is pointing into the stack for thread: 0x0000029535873ad0
stack at sp + 1 slots: 0x000000f638efe9d0 is pointing into the stack for thread: 0x0000029535873ad0
stack at sp + 2 slots: 0x0 is NULL
stack at sp + 3 slots: 0x0 is NULL
stack at sp + 4 slots: 0x0000029518523e00 is at code_begin+0 in an Interpreter codelet
method entry point (kind = zerolocals)  [0x0000029518523e00, 0x00000295185246c0]  2240 bytes
stack at sp + 5 slots: 0x00007ffdbc886dc4 jvm.dll
stack at sp + 6 slots: 0x00008c3958f142ac is an unknown value
stack at sp + 7 slots: 0x0000029535873ad0 is a thread


---------------  P R O C E S S  ---------------

Threads class SMR info:
_java_thread_list=0x0000029535d0d6d0, length=22, elements={
0x0000029514b4cde0, 0x0000029534802140, 0x0000029534802830, 0x00000295348037c0,
0x0000029534803c90, 0x0000029534804160, 0x000002953482a1b0, 0x00000295348366e0,
0x0000029534846fd0, 0x00000295349d2080, 0x00000295349d4d40, 0x00000295349d7240,
0x00000295349e6020, 0x0000029534a07df0, 0x0000029535277560, 0x0000029534f00b80,
0x0000029535dd6750, 0x0000029535dd58e0, 0x0000029535877e30, 0x0000029535876150,
0x0000029535873ad0, 0x0000029535871df0
}

Java Threads: ( => current thread )
  0x0000029514b4cde0 JavaThread "main" [_thread_blocked, id=39600, stack(0x000000f638f00000,0x000000f639000000)]
  0x0000029534802140 JavaThread "Reference Handler" daemon [_thread_blocked, id=39320, stack(0x000000f639600000,0x000000f639700000)]
  0x0000029534802830 JavaThread "Finalizer" daemon [_thread_blocked, id=30976, stack(0x000000f639700000,0x000000f639800000)]
  0x00000295348037c0 JavaThread "Signal Dispatcher" daemon [_thread_blocked, id=14060, stack(0x000000f639800000,0x000000f639900000)]
  0x0000029534803c90 JavaThread "Attach Listener" daemon [_thread_blocked, id=216, stack(0x000000f639900000,0x000000f639a00000)]
  0x0000029534804160 JavaThread "Service Thread" daemon [_thread_blocked, id=10256, stack(0x000000f639a00000,0x000000f639b00000)]
  0x000002953482a1b0 JavaThread "C2 CompilerThread0" daemon [_thread_blocked, id=24760, stack(0x000000f639b00000,0x000000f639c00000)]
  0x00000295348366e0 JavaThread "C1 CompilerThread0" daemon [_thread_blocked, id=10916, stack(0x000000f639c00000,0x000000f639d00000)]
  0x0000029534846fd0 JavaThread "Sweeper thread" daemon [_thread_blocked, id=29456, stack(0x000000f639d00000,0x000000f639e00000)]
  0x00000295349d2080 JavaThread "JDWP Transport Listener: dt_socket" daemon [_thread_blocked, id=30112, stack(0x000000f639e00000,0x000000f639f00000)]
  0x00000295349d4d40 JavaThread "JDWP Event Helper Thread" daemon [_thread_blocked, id=22532, stack(0x000000f639f00000,0x000000f63a000000)]
  0x00000295349d7240 JavaThread "JDWP Command Reader" daemon [_thread_in_native, id=35280, stack(0x000000f63a000000,0x000000f63a100000)]
  0x00000295349e6020 JavaThread "Notification Thread" daemon [_thread_blocked, id=31496, stack(0x000000f63a100000,0x000000f63a200000)]
  0x0000029534a07df0 JavaThread "Common-Cleaner" daemon [_thread_blocked, id=29956, stack(0x000000f63a300000,0x000000f63a400000)]
  0x0000029535277560 JavaThread "ReaderThread" [_thread_in_native, id=36292, stack(0x000000f63a500000,0x000000f63a600000)]
  0x0000029534f00b80 JavaThread "Exec Default Executor" daemon [_thread_in_native, id=39180, stack(0x000000f63b400000,0x000000f63b500000)]
  0x0000029535dd6750 JavaThread "Exec Stream Pumper" daemon [_thread_in_native, id=9792, stack(0x000000f63b300000,0x000000f63b400000)]
  0x0000029535dd58e0 JavaThread "Exec Stream Pumper" daemon [_thread_in_native, id=9312, stack(0x000000f63b500000,0x000000f63b600000)]
  0x0000029535877e30 JavaThread "Okio Watchdog" daemon [_thread_blocked, id=17904, stack(0x000000f63b800000,0x000000f63b900000)]
  0x0000029535876150 JavaThread "Java2D Disposer" daemon [_thread_blocked, id=20292, stack(0x000000f638c00000,0x000000f638d00000)]
=>0x0000029535873ad0 JavaThread "AWT-Windows" daemon [_thread_in_vm, id=8460, stack(0x000000f638e00000,0x000000f638f00000)]
  0x0000029535871df0 JavaThread "AWT-Shutdown" [_thread_blocked, id=29920, stack(0x000000f638d00000,0x000000f638e00000)]

Other Threads:
  0x00000295347c8f40 VMThread "VM Thread" [stack: 0x000000f639500000,0x000000f639600000] [id=19760]
  0x00000295349e68d0 WatcherThread [stack: 0x000000f63a200000,0x000000f63a300000] [id=16980]
  0x0000029514b6e830 GCTaskThread "GC Thread#0" [stack: 0x000000f639000000,0x000000f639100000] [id=14040]
  0x0000029534df4270 GCTaskThread "GC Thread#1" [stack: 0x000000f63a700000,0x000000f63a800000] [id=17184]
  0x0000029534df1c30 GCTaskThread "GC Thread#2" [stack: 0x000000f63a800000,0x000000f63a900000] [id=30288]
  0x0000029534df2f50 GCTaskThread "GC Thread#3" [stack: 0x000000f63a900000,0x000000f63aa00000] [id=17036]
  0x0000029534df3f40 GCTaskThread "GC Thread#4" [stack: 0x000000f63aa00000,0x000000f63ab00000] [id=41868]
  0x0000029534df25c0 GCTaskThread "GC Thread#5" [stack: 0x000000f63ab00000,0x000000f63ac00000] [id=28252]
  0x0000029527fb1aa0 ConcurrentGCThread "G1 Main Marker" [stack: 0x000000f639100000,0x000000f639200000] [id=41832]
  0x0000029527fb2970 ConcurrentGCThread "G1 Conc#0" [stack: 0x000000f639200000,0x000000f639300000] [id=24376]
  0x0000029534df2c20 ConcurrentGCThread "G1 Conc#1" [stack: 0x000000f63ae00000,0x000000f63af00000] [id=25588]
  0x00000295280893a0 ConcurrentGCThread "G1 Refine#0" [stack: 0x000000f639300000,0x000000f639400000] [id=27168]
  0x0000029535840bc0 ConcurrentGCThread "G1 Refine#1" [stack: 0x000000f63ac00000,0x000000f63ad00000] [id=8916]
  0x00000295379cb730 ConcurrentGCThread "G1 Refine#2" [stack: 0x000000f63ad00000,0x000000f63ae00000] [id=21916]
  0x0000029537b3bb70 ConcurrentGCThread "G1 Refine#3" [stack: 0x000000f63af00000,0x000000f63b000000] [id=40396]
  0x0000029537b3bed0 ConcurrentGCThread "G1 Refine#4" [stack: 0x000000f63b000000,0x000000f63b100000] [id=31940]
  0x000002952808a970 ConcurrentGCThread "G1 Young RemSet Sampling" [stack: 0x000000f639400000,0x000000f639500000] [id=38364]

Threads with active compile tasks:

VM state: not at safepoint (normal execution)

VM Mutex/Monitor currently owned by a thread: None

Heap address: 0x0000000706400000, size: 3996 MB, Compressed Oops mode: Zero based, Oop shift amount: 3
CDS disabled.
Compressed class space mapped at: 0x0000000800000000-0x0000000840000000, size: 1073741824
Narrow klass base: 0x0000000800000000, Narrow klass shift: 0, Narrow klass range: 0x40000000

GC Precious Log:
 CPUs: 8 total, 8 available
 Memory: 15980M
 Large Page Support: Disabled
 NUMA Support: Disabled
 Compressed Oops: Enabled (Zero based)
 Heap Region Size: 2M
 Heap Min Capacity: 8M
 Heap Initial Capacity: 250M
 Heap Max Capacity: 3996M
 Pre-touch: Disabled
 Parallel Workers: 8
 Concurrent Workers: 2
 Concurrent Refinement Workers: 8
 Periodic GC: Disabled

Heap:
 garbage-first heap   total 79872K, used 54481K [0x0000000706400000, 0x0000000800000000)
  region size 2048K, 11 young (22528K), 2 survivors (4096K)
 Metaspace       used 45191K, capacity 45550K, committed 45820K, reserved 1089536K
  class space    used 4918K, capacity 5063K, committed 5120K, reserved 1048576K

Heap Regions: E=young(eden), S=young(survivor), O=old, HS=humongous(starts), HC=humongous(continues), CS=collection set, F=free, OA=open archive, CA=closed archive, TAMS=top-at-mark-start (previous, next)
|   0|0x0000000706400000, 0x0000000706600000, 0x0000000706600000|100%| O|  |TAMS 0x0000000706600000, 0x0000000706400000| Untracked 
|   1|0x0000000706600000, 0x0000000706800000, 0x0000000706800000|100%| O|  |TAMS 0x0000000706800000, 0x0000000706600000| Untracked 
|   2|0x0000000706800000, 0x0000000706a00000, 0x0000000706a00000|100%| O|  |TAMS 0x0000000706a00000, 0x0000000706800000| Untracked 
|   3|0x0000000706a00000, 0x0000000706c00000, 0x0000000706c00000|100%| O|  |TAMS 0x0000000706c00000, 0x0000000706a00000| Untracked 
|   4|0x0000000706c00000, 0x0000000706e00000, 0x0000000706e00000|100%| O|  |TAMS 0x0000000706e00000, 0x0000000706c00000| Untracked 
|   5|0x0000000706e00000, 0x0000000706e54600, 0x0000000707000000| 16%| O|  |TAMS 0x0000000706e54600, 0x0000000706e00000| Untracked 
|   6|0x0000000707000000, 0x0000000707200000, 0x0000000707200000|100%| O|  |TAMS 0x0000000707200000, 0x0000000707000000| Untracked 
|   7|0x0000000707200000, 0x0000000707400000, 0x0000000707400000|100%| O|  |TAMS 0x0000000707400000, 0x0000000707200000| Untracked 
|   8|0x0000000707400000, 0x0000000707600000, 0x0000000707600000|100%| O|  |TAMS 0x0000000707600000, 0x0000000707400000| Untracked 
|   9|0x0000000707600000, 0x0000000707800000, 0x0000000707800000|100%| O|  |TAMS 0x0000000707800000, 0x0000000707600000| Untracked 
|  10|0x0000000707800000, 0x0000000707a00000, 0x0000000707a00000|100%| O|  |TAMS 0x0000000707a00000, 0x0000000707800000| Untracked 
|  11|0x0000000707a00000, 0x0000000707c00000, 0x0000000707c00000|100%| O|  |TAMS 0x0000000707c00000, 0x0000000707a00000| Untracked 
|  12|0x0000000707c00000, 0x0000000707e00000, 0x0000000707e00000|100%| O|  |TAMS 0x0000000707e00000, 0x0000000707c00000| Untracked 
|  13|0x0000000707e00000, 0x0000000708000000, 0x0000000708000000|100%| O|  |TAMS 0x0000000708000000, 0x0000000707e00000| Untracked 
|  14|0x0000000708000000, 0x0000000708200000, 0x0000000708200000|100%| O|  |TAMS 0x0000000708200000, 0x0000000708000000| Untracked 
|  15|0x0000000708200000, 0x0000000708400000, 0x0000000708400000|100%| O|  |TAMS 0x0000000708400000, 0x0000000708200000| Untracked 
|  16|0x0000000708400000, 0x000000070842aa00, 0x0000000708600000|  8%| O|  |TAMS 0x000000070842aa00, 0x0000000708400000| Untracked 
|  17|0x0000000708600000, 0x0000000708600000, 0x0000000708800000|  0%| F|  |TAMS 0x0000000708600000, 0x0000000708600000| Untracked 
|  18|0x0000000708800000, 0x0000000708800000, 0x0000000708a00000|  0%| F|  |TAMS 0x0000000708800000, 0x0000000708800000| Untracked 
|  19|0x0000000708a00000, 0x0000000708a00000, 0x0000000708c00000|  0%| F|  |TAMS 0x0000000708a00000, 0x0000000708a00000| Untracked 
|  20|0x0000000708c00000, 0x0000000708c00000, 0x0000000708e00000|  0%| F|  |TAMS 0x0000000708c00000, 0x0000000708c00000| Untracked 
|  21|0x0000000708e00000, 0x0000000708e00000, 0x0000000709000000|  0%| F|  |TAMS 0x0000000708e00000, 0x0000000708e00000| Untracked 
|  22|0x0000000709000000, 0x00000007090b5708, 0x0000000709200000| 35%| S|CS|TAMS 0x0000000709000000, 0x0000000709000000| Complete 
|  23|0x0000000709200000, 0x0000000709200000, 0x0000000709400000|  0%| F|  |TAMS 0x0000000709200000, 0x0000000709200000| Untracked 
|  24|0x0000000709400000, 0x0000000709400000, 0x0000000709600000|  0%| F|  |TAMS 0x0000000709400000, 0x0000000709400000| Untracked 
|  25|0x0000000709600000, 0x0000000709800000, 0x0000000709800000|100%| S|CS|TAMS 0x0000000709600000, 0x0000000709600000| Complete 
|  26|0x0000000709800000, 0x0000000709800000, 0x0000000709a00000|  0%| F|  |TAMS 0x0000000709800000, 0x0000000709800000| Untracked 
|  27|0x0000000709a00000, 0x0000000709a00000, 0x0000000709c00000|  0%| F|  |TAMS 0x0000000709a00000, 0x0000000709a00000| Untracked 
|  28|0x0000000709c00000, 0x0000000709d942f8, 0x0000000709e00000| 78%| E|  |TAMS 0x0000000709c00000, 0x0000000709c00000| Complete 
|  29|0x0000000709e00000, 0x000000070a000000, 0x000000070a000000|100%| E|CS|TAMS 0x0000000709e00000, 0x0000000709e00000| Complete 
|  30|0x000000070a000000, 0x000000070a200000, 0x000000070a200000|100%| E|CS|TAMS 0x000000070a000000, 0x000000070a000000| Complete 
|  31|0x000000070a200000, 0x000000070a400000, 0x000000070a400000|100%| E|CS|TAMS 0x000000070a200000, 0x000000070a200000| Complete 
|  32|0x000000070a400000, 0x000000070a600000, 0x000000070a600000|100%| E|CS|TAMS 0x000000070a400000, 0x000000070a400000| Complete 
|  33|0x000000070a600000, 0x000000070a800000, 0x000000070a800000|100%| E|CS|TAMS 0x000000070a600000, 0x000000070a600000| Complete 
| 117|0x0000000714e00000, 0x0000000715000000, 0x0000000715000000|100%| E|CS|TAMS 0x0000000714e00000, 0x0000000714e00000| Complete 
| 118|0x0000000715000000, 0x0000000715200000, 0x0000000715200000|100%| E|CS|TAMS 0x0000000715000000, 0x0000000715000000| Complete 
| 124|0x0000000715c00000, 0x0000000715e00000, 0x0000000715e00000|100%| E|CS|TAMS 0x0000000715c00000, 0x0000000715c00000| Complete 
|1996|0x00000007ffc00000, 0x00000007ffe00000, 0x00000007ffe00000|100%| O|  |TAMS 0x00000007ffe00000, 0x00000007ffc00000| Untracked 
|1997|0x00000007ffe00000, 0x0000000800000000, 0x0000000800000000|100%| O|  |TAMS 0x0000000800000000, 0x00000007ffe00000| Untracked 

Card table byte_map: [0x0000029528940000,0x0000029529110000] _byte_map_base: 0x000002952510e000

Marking Bits (Prev, Next): (CMBitMap*) 0x0000029527fa0fe0, (CMBitMap*) 0x0000029527fa1020
 Prev Bits: [0x00000295298e0000, 0x000002952d750000)
 Next Bits: [0x000002952d750000, 0x00000295315c0000)

Polling page: 0x0000029514b70000

Metaspace:

Usage:
  Non-class:     39.54 MB capacity,    39.33 MB (>99%) used,   155.01 KB ( <1%) free+waste,    59.00 KB ( <1%) overhead. 
      Class:      4.94 MB capacity,     4.80 MB ( 97%) used,   124.10 KB (  2%) free+waste,    20.50 KB ( <1%) overhead. 
       Both:     44.48 MB capacity,    44.13 MB (>99%) used,   279.11 KB ( <1%) free+waste,    79.50 KB ( <1%) overhead. 

Virtual space:
  Non-class space:       40.00 MB reserved,      39.75 MB (>99%) committed 
      Class space:        1.00 GB reserved,       5.00 MB ( <1%) committed 
             Both:        1.04 GB reserved,      44.75 MB (  4%) committed 

Chunk freelists:
   Non-Class:  21.00 KB
       Class:  25.00 KB
        Both:  46.00 KB

MaxMetaspaceSize: 17179869184.00 GB
CompressedClassSpaceSize: 1.00 GB

CodeHeap 'non-profiled nmethods': size=120000Kb used=2946Kb max_used=2946Kb free=117053Kb
 bounds [0x000002951ffe0000, 0x00000295202d0000, 0x0000029527510000]
CodeHeap 'profiled nmethods': size=120000Kb used=10876Kb max_used=10876Kb free=109123Kb
 bounds [0x0000029518ab0000, 0x0000029519550000, 0x000002951ffe0000]
CodeHeap 'non-nmethods': size=5760Kb used=1431Kb max_used=1510Kb free=4328Kb
 bounds [0x0000029518510000, 0x0000029518780000, 0x0000029518ab0000]
 total_blobs=5492 nmethods=4845 adapters=559
 compilation: enabled
              stopped_count=0, restarted_count=0
 full_count=0

Compilation events (20 events):
Event: 95.504 Thread 0x00000295348366e0 5049   !   3       jdk.internal.reflect.GeneratedMethodAccessor19::invoke (61 bytes)
Event: 95.507 Thread 0x00000295348366e0 nmethod 5049 0x000002951954c510 code [0x000002951954c740, 0x000002951954cde8]
Event: 95.507 Thread 0x00000295348366e0 5051       3       java.text.DigitList::isZero (31 bytes)
Event: 95.508 Thread 0x00000295348366e0 nmethod 5051 0x000002951954d110 code [0x000002951954d2c0, 0x000002951954d4f8]
Event: 95.508 Thread 0x00000295348366e0 5048   !   3       java.text.Format::clone (15 bytes)
Event: 95.510 Thread 0x00000295348366e0 nmethod 5048 0x000002951954d610 code [0x000002951954d7e0, 0x000002951954da18]
Event: 95.723 Thread 0x000002953482a1b0 nmethod 5035 0x00000295202a4490 code [0x00000295202a47a0, 0x00000295202a8eb8]
Event: 95.724 Thread 0x000002953482a1b0 5040       4       freemarker.core.Environment::getNullableLocalVariable (73 bytes)
Event: 95.847 Thread 0x000002953482a1b0 nmethod 5040 0x00000295202ab310 code [0x00000295202ab4c0, 0x00000295202abdc8]
Event: 95.887 Thread 0x00000295380980c0 nmethod 4987 0x00000295202ac210 code [0x00000295202ac5c0, 0x00000295202b1220]
Event: 135.949 Thread 0x000002953482a1b0 5052       4       java.lang.invoke.MethodType::makeImpl (108 bytes)
Event: 137.962 Thread 0x000002953482a1b0 nmethod 5052 0x00000295202b3b90 code [0x00000295202b41a0, 0x00000295202bd5b0]
Event: 230.113 Thread 0x00000295348366e0 5053       3       java.util.logging.LogManager$LoggerContext::requiresDefaultLoggers (29 bytes)
Event: 230.115 Thread 0x00000295348366e0 nmethod 5053 0x000002951954db90 code [0x000002951954dd40, 0x000002951954df68]
Event: 268.939 Thread 0x00000295348366e0 5054       3       java.util.HashSet::<init> (40 bytes)
Event: 268.941 Thread 0x00000295348366e0 nmethod 5054 0x000002951954e090 code [0x000002951954e2c0, 0x000002951954e8c8]
Event: 359.659 Thread 0x00000295348366e0 5055       3       okio.AsyncTimeout::remainingNanos (7 bytes)
Event: 359.660 Thread 0x00000295348366e0 nmethod 5055 0x000002951954eb10 code [0x000002951954eca0, 0x000002951954ed98]
Event: 659.667 Thread 0x00000295348366e0 5057       3       java.util.ArrayDeque$DeqIterator::hasNext (13 bytes)
Event: 659.669 Thread 0x00000295348366e0 nmethod 5057 0x000002951954ee10 code [0x000002951954efa0, 0x000002951954f0f8]

GC Heap History (20 events):
Event: 18.465 GC heap before
{Heap before GC invocations=2 (full 0):
 garbage-first heap   total 256000K, used 41329K [0x0000000706400000, 0x0000000800000000)
  region size 2048K, 17 young (34816K), 2 survivors (4096K)
 Metaspace       used 20655K, capacity 20844K, committed 20992K, reserved 1069056K
  class space    used 1972K, capacity 2013K, committed 2048K, reserved 1048576K
}
Event: 18.491 GC heap after
{Heap after GC invocations=3 (full 0):
 garbage-first heap   total 256000K, used 13258K [0x0000000706400000, 0x0000000800000000)
  region size 2048K, 3 young (6144K), 3 survivors (6144K)
 Metaspace       used 20655K, capacity 20844K, committed 20992K, reserved 1069056K
  class space    used 1972K, capacity 2013K, committed 2048K, reserved 1048576K
}
Event: 19.212 GC heap before
{Heap before GC invocations=3 (full 0):
 garbage-first heap   total 256000K, used 23498K [0x0000000706400000, 0x0000000800000000)
  region size 2048K, 9 young (18432K), 3 survivors (6144K)
 Metaspace       used 20997K, capacity 21196K, committed 21248K, reserved 1069056K
  class space    used 2019K, capacity 2045K, committed 2048K, reserved 1048576K
}
Event: 19.237 GC heap after
{Heap after GC invocations=4 (full 0):
 garbage-first heap   total 256000K, used 13859K [0x0000000706400000, 0x0000000800000000)
  region size 2048K, 2 young (4096K), 2 survivors (4096K)
 Metaspace       used 20997K, capacity 21196K, committed 21248K, reserved 1069056K
  class space    used 2019K, capacity 2045K, committed 2048K, reserved 1048576K
}
Event: 30.020 GC heap before
{Heap before GC invocations=5 (full 0):
 garbage-first heap   total 61440K, used 58915K [0x0000000706400000, 0x0000000800000000)
  region size 2048K, 24 young (49152K), 2 survivors (4096K)
 Metaspace       used 25918K, capacity 26240K, committed 26620K, reserved 1073152K
  class space    used 2609K, capacity 2713K, committed 2816K, reserved 1048576K
}
Event: 30.129 GC heap after
{Heap after GC invocations=6 (full 0):
 garbage-first heap   total 79872K, used 27966K [0x0000000706400000, 0x0000000800000000)
  region size 2048K, 7 young (14336K), 7 survivors (14336K)
 Metaspace       used 25918K, capacity 26240K, committed 26620K, reserved 1073152K
  class space    used 2609K, capacity 2713K, committed 2816K, reserved 1048576K
}
Event: 54.323 GC heap before
{Heap before GC invocations=6 (full 0):
 garbage-first heap   total 79872K, used 50494K [0x0000000706400000, 0x0000000800000000)
  region size 2048K, 19 young (38912K), 7 survivors (14336K)
 Metaspace       used 31884K, capacity 32177K, committed 32508K, reserved 1079296K
  class space    used 3364K, capacity 3470K, committed 3584K, reserved 1048576K
}
Event: 54.440 GC heap after
{Heap after GC invocations=7 (full 0):
 garbage-first heap   total 79872K, used 31969K [0x0000000706400000, 0x0000000800000000)
  region size 2048K, 2 young (4096K), 2 survivors (4096K)
 Metaspace       used 31884K, capacity 32177K, committed 32508K, reserved 1079296K
  class space    used 3364K, capacity 3470K, committed 3584K, reserved 1048576K
}
Event: 57.553 GC heap before
{Heap before GC invocations=7 (full 0):
 garbage-first heap   total 79872K, used 48353K [0x0000000706400000, 0x0000000800000000)
  region size 2048K, 11 young (22528K), 2 survivors (4096K)
 Metaspace       used 35608K, capacity 35863K, committed 35964K, reserved 1081344K
  class space    used 3792K, capacity 3887K, committed 3968K, reserved 1048576K
}
Event: 57.579 GC heap after
{Heap after GC invocations=8 (full 0):
 garbage-first heap   total 79872K, used 33213K [0x0000000706400000, 0x0000000800000000)
  region size 2048K, 1 young (2048K), 1 survivors (2048K)
 Metaspace       used 35608K, capacity 35863K, committed 35964K, reserved 1081344K
  class space    used 3792K, capacity 3887K, committed 3968K, reserved 1048576K
}
Event: 62.086 GC heap before
{Heap before GC invocations=9 (full 0):
 garbage-first heap   total 79872K, used 53693K [0x0000000706400000, 0x0000000800000000)
  region size 2048K, 12 young (24576K), 1 survivors (2048K)
 Metaspace       used 39587K, capacity 39906K, committed 40060K, reserved 1085440K
  class space    used 4311K, capacity 4420K, committed 4480K, reserved 1048576K
}
Event: 62.115 GC heap after
{Heap after GC invocations=10 (full 0):
 garbage-first heap   total 79872K, used 35652K [0x0000000706400000, 0x0000000800000000)
  region size 2048K, 2 young (4096K), 2 survivors (4096K)
 Metaspace       used 39587K, capacity 39906K, committed 40060K, reserved 1085440K
  class space    used 4311K, capacity 4420K, committed 4480K, reserved 1048576K
}
Event: 68.891 GC heap before
{Heap before GC invocations=10 (full 0):
 garbage-first heap   total 79872K, used 56132K [0x0000000706400000, 0x0000000800000000)
  region size 2048K, 12 young (24576K), 2 survivors (4096K)
 Metaspace       used 42684K, capacity 43013K, committed 43260K, reserved 1087488K
  class space    used 4697K, capacity 4803K, committed 4864K, reserved 1048576K
}
Event: 68.927 GC heap after
{Heap after GC invocations=11 (full 0):
 garbage-first heap   total 79872K, used 37372K [0x0000000706400000, 0x0000000800000000)
  region size 2048K, 1 young (2048K), 1 survivors (2048K)
 Metaspace       used 42684K, capacity 43013K, committed 43260K, reserved 1087488K
  class space    used 4697K, capacity 4803K, committed 4864K, reserved 1048576K
}
Event: 94.766 GC heap before
{Heap before GC invocations=11 (full 0):
 garbage-first heap   total 79872K, used 57852K [0x0000000706400000, 0x0000000800000000)
  region size 2048K, 11 young (22528K), 1 survivors (2048K)
 Metaspace       used 43217K, capacity 43593K, committed 43772K, reserved 1087488K
  class space    used 4729K, capacity 4838K, committed 4864K, reserved 1048576K
}
Event: 94.786 GC heap after
{Heap after GC invocations=12 (full 0):
 garbage-first heap   total 79872K, used 37372K [0x0000000706400000, 0x0000000800000000)
  region size 2048K, 1 young (2048K), 1 survivors (2048K)
 Metaspace       used 43217K, capacity 43593K, committed 43772K, reserved 1087488K
  class space    used 4729K, capacity 4838K, committed 4864K, reserved 1048576K
}
Event: 214.119 GC heap before
{Heap before GC invocations=13 (full 0):
 garbage-first heap   total 79872K, used 59900K [0x0000000706400000, 0x0000000800000000)
  region size 2048K, 12 young (24576K), 1 survivors (2048K)
 Metaspace       used 44974K, capacity 45355K, committed 45564K, reserved 1089536K
  class space    used 4887K, capacity 4998K, committed 5120K, reserved 1048576K
}
Event: 214.139 GC heap after
{Heap after GC invocations=14 (full 0):
 garbage-first heap   total 79872K, used 37545K [0x0000000706400000, 0x0000000800000000)
  region size 2048K, 2 young (4096K), 2 survivors (4096K)
 Metaspace       used 44974K, capacity 45355K, committed 45564K, reserved 1089536K
  class space    used 4887K, capacity 4998K, committed 5120K, reserved 1048576K
}
Event: 354.172 GC heap before
{Heap before GC invocations=14 (full 0):
 garbage-first heap   total 79872K, used 60073K [0x0000000706400000, 0x0000000800000000)
  region size 2048K, 13 young (26624K), 2 survivors (4096K)
 Metaspace       used 45101K, capacity 45515K, committed 45820K, reserved 1089536K
  class space    used 4907K, capacity 5030K, committed 5120K, reserved 1048576K
}
Event: 354.195 GC heap after
{Heap after GC invocations=15 (full 0):
 garbage-first heap   total 79872K, used 38097K [0x0000000706400000, 0x0000000800000000)
  region size 2048K, 2 young (4096K), 2 survivors (4096K)
 Metaspace       used 45101K, capacity 45515K, committed 45820K, reserved 1089536K
  class space    used 4907K, capacity 5030K, committed 5120K, reserved 1048576K
}

Deoptimization events (20 events):
Event: 95.213 Thread 0x0000029514b4cde0 DEOPT PACKING pc=0x0000029519271c44 sp=0x000000f638ffcca0
Event: 95.213 Thread 0x0000029514b4cde0 DEOPT UNPACKING pc=0x000002951855e23f sp=0x000000f638ffc1b0 mode 1
Event: 95.213 Thread 0x0000029514b4cde0 DEOPT PACKING pc=0x00000295193d4bac sp=0x000000f638ffcc10
Event: 95.213 Thread 0x0000029514b4cde0 DEOPT UNPACKING pc=0x000002951855e23f sp=0x000000f638ffc160 mode 1
Event: 95.213 Thread 0x0000029514b4cde0 DEOPT PACKING pc=0x0000029519271c44 sp=0x000000f638ffcd20
Event: 95.213 Thread 0x0000029514b4cde0 DEOPT UNPACKING pc=0x000002951855e23f sp=0x000000f638ffc230 mode 1
Event: 95.213 Thread 0x0000029514b4cde0 DEOPT PACKING pc=0x00000295193d4bac sp=0x000000f638ffcb90
Event: 95.213 Thread 0x0000029514b4cde0 DEOPT UNPACKING pc=0x000002951855e23f sp=0x000000f638ffc0e0 mode 1
Event: 95.214 Thread 0x0000029514b4cde0 DEOPT PACKING pc=0x0000029519271c44 sp=0x000000f638ffcca0
Event: 95.214 Thread 0x0000029514b4cde0 DEOPT UNPACKING pc=0x000002951855e23f sp=0x000000f638ffc1b0 mode 1
Event: 95.214 Thread 0x0000029514b4cde0 DEOPT PACKING pc=0x00000295193d4bac sp=0x000000f638ffcc10
Event: 95.214 Thread 0x0000029514b4cde0 DEOPT UNPACKING pc=0x000002951855e23f sp=0x000000f638ffc160 mode 1
Event: 95.214 Thread 0x0000029514b4cde0 DEOPT PACKING pc=0x0000029519271c44 sp=0x000000f638ffcd20
Event: 95.214 Thread 0x0000029514b4cde0 DEOPT UNPACKING pc=0x000002951855e23f sp=0x000000f638ffc230 mode 1
Event: 95.214 Thread 0x0000029514b4cde0 DEOPT PACKING pc=0x00000295193d4bac sp=0x000000f638ffcb90
Event: 95.214 Thread 0x0000029514b4cde0 DEOPT UNPACKING pc=0x000002951855e23f sp=0x000000f638ffc0e0 mode 1
Event: 95.214 Thread 0x0000029514b4cde0 DEOPT PACKING pc=0x0000029519271c44 sp=0x000000f638ffcca0
Event: 95.214 Thread 0x0000029514b4cde0 DEOPT UNPACKING pc=0x000002951855e23f sp=0x000000f638ffc1b0 mode 1
Event: 231.166 Thread 0x0000029535871df0 DEOPT PACKING pc=0x0000029519527b70 sp=0x000000f638dfed80
Event: 231.166 Thread 0x0000029535871df0 DEOPT UNPACKING pc=0x000002951855e23f sp=0x000000f638dfe208 mode 3

Classes unloaded (0 events):
No events

Classes redefined (0 events):
No events

Internal exceptions (20 events):
Event: 66.074 Thread 0x0000029514b4cde0 Exception <a 'java/lang/ClassNotFoundException'{0x0000000709f9ca60}: java/util/concurrent/ConcurrentHashMapBeanInfo> (0x0000000709f9ca60) 
thrown [./open/src/hotspot/share/classfile/systemDictionary.cpp, line 295]
Event: 66.075 Thread 0x0000029514b4cde0 Exception <a 'java/lang/ClassNotFoundException'{0x0000000709f9dce0}: java/util/AbstractMapBeanInfo> (0x0000000709f9dce0) 
thrown [./open/src/hotspot/share/classfile/systemDictionary.cpp, line 295]
Event: 66.077 Thread 0x0000029514b4cde0 Exception <a 'java/lang/ClassNotFoundException'{0x0000000709f9ef28}: java/util/AbstractMapCustomizer> (0x0000000709f9ef28) 
thrown [./open/src/hotspot/share/classfile/systemDictionary.cpp, line 295]
Event: 66.084 Thread 0x0000029514b4cde0 Exception <a 'java/lang/ClassNotFoundException'{0x0000000709faa470}: java/util/concurrent/ConcurrentHashMapCustomizer> (0x0000000709faa470) 
thrown [./open/src/hotspot/share/classfile/systemDictionary.cpp, line 295]
Event: 66.165 Thread 0x0000029514b4cde0 Exception <a 'java/lang/ClassNotFoundException'{0x0000000709c17e40}: com/aventstack/extentreports/model/SystemEnvInfoBeanInfo> (0x0000000709c17e40) 
thrown [./open/src/hotspot/share/classfile/systemDictionary.cpp, line 295]
Event: 66.170 Thread 0x0000029514b4cde0 Exception <a 'java/lang/ClassNotFoundException'{0x0000000709c1c2d0}: com/aventstack/extentreports/model/NameValuePairBeanInfo> (0x0000000709c1c2d0) 
thrown [./open/src/hotspot/share/classfile/systemDictionary.cpp, line 295]
Event: 66.174 Thread 0x0000029514b4cde0 Exception <a 'java/lang/ClassNotFoundException'{0x0000000709c20a48}: com/aventstack/extentreports/model/NamedAttributeBeanInfo> (0x0000000709c20a48) 
thrown [./open/src/hotspot/share/classfile/systemDictionary.cpp, line 295]
Event: 66.179 Thread 0x0000029514b4cde0 Exception <a 'java/lang/ClassNotFoundException'{0x0000000709c251e0}: com/aventstack/extentreports/model/NamedAttributeCustomizer> (0x0000000709c251e0) 
thrown [./open/src/hotspot/share/classfile/systemDictionary.cpp, line 295]
Event: 66.187 Thread 0x0000029514b4cde0 Exception <a 'java/lang/ClassNotFoundException'{0x0000000709c2cf88}: com/aventstack/extentreports/model/NameValuePairCustomizer> (0x0000000709c2cf88) 
thrown [./open/src/hotspot/share/classfile/systemDictionary.cpp, line 295]
Event: 66.207 Thread 0x0000029514b4cde0 Exception <a 'java/lang/ClassNotFoundException'{0x0000000709c339a0}: com/aventstack/extentreports/model/SystemEnvInfoCustomizer> (0x0000000709c339a0) 
thrown [./open/src/hotspot/share/classfile/systemDictionary.cpp, line 295]
Event: 134.211 Thread 0x0000029514b4cde0 Exception <a 'java/lang/ClassNotFoundException'{0x0000000714ed1080}: sun/awt/resources/spi/awtProvider> (0x0000000714ed1080) 
thrown [./open/src/hotspot/share/classfile/systemDictionary.cpp, line 295]
Event: 134.481 Thread 0x0000029514b4cde0 Exception <a 'java/io/FileNotFoundException'{0x0000000714ed4690}> (0x0000000714ed4690) 
thrown [./open/src/hotspot/share/prims/jni.cpp, line 578]
Event: 134.556 Thread 0x0000029514b4cde0 Exception <a 'java/io/FileNotFoundException'{0x0000000714ed5ee8}> (0x0000000714ed5ee8) 
thrown [./open/src/hotspot/share/prims/jni.cpp, line 578]
Event: 355.556 Thread 0x0000029514b4cde0 Exception <a 'java/lang/NoSuchMethodError'{0x0000000715d37968}: 'java.lang.Object java.lang.invoke.Invokers$Holder.invoke_MT(java.lang.Object, java.lang.Object, java.lang.Object)'> (0x0000000715d37968) 
thrown [./open/src/hotspot/share/interpreter/linkResolver.cpp, line 782]
Event: 357.407 Thread 0x0000029514b4cde0 Exception <a 'java/lang/ClassNotFoundException'{0x000000071504e438}: com/aventstack/extentreports/model/ScreenCaptureBeanInfo> (0x000000071504e438) 
thrown [./open/src/hotspot/share/classfile/systemDictionary.cpp, line 295]
Event: 357.441 Thread 0x0000029514b4cde0 Exception <a 'java/lang/ClassNotFoundException'{0x0000000715052da0}: com/aventstack/extentreports/model/MediaBeanInfo> (0x0000000715052da0) 
thrown [./open/src/hotspot/share/classfile/systemDictionary.cpp, line 295]
Event: 357.476 Thread 0x0000029514b4cde0 Exception <a 'java/lang/ClassNotFoundException'{0x0000000715057710}: com/aventstack/extentreports/model/MediaCustomizer> (0x0000000715057710) 
thrown [./open/src/hotspot/share/classfile/systemDictionary.cpp, line 295]
Event: 357.531 Thread 0x0000029514b4cde0 Exception <a 'java/lang/ClassNotFoundException'{0x0000000715063c38}: com/aventstack/extentreports/model/ScreenCaptureCustomizer> (0x0000000715063c38) 
thrown [./open/src/hotspot/share/classfile/systemDictionary.cpp, line 295]
Event: 358.344 Thread 0x0000029514b4cde0 Exception <a 'java/lang/NullPointerException'{0x0000000715106828}> (0x0000000715106828) 
thrown [./open/src/hotspot/share/interpreter/linkResolver.cpp, line 1374]
Event: 371.938 Thread 0x0000029514b4cde0 Exception <a 'java/lang/NullPointerException'{0x0000000709c1d840}> (0x0000000709c1d840) 
thrown [./open/src/hotspot/share/interpreter/linkResolver.cpp, line 1374]

Events (20 events):
Event: 719.735 Thread 0x0000029535876fc0 Thread exited: 0x0000029535876fc0
Event: 1048.370 Thread 0x0000029535871df0 Thread added: 0x0000029535871df0
Event: 1049.524 Thread 0x0000029535871df0 Thread exited: 0x0000029535871df0
Event: 1051.902 Thread 0x0000029535873600 Thread added: 0x0000029535873600
Event: 1052.908 Thread 0x0000029535873600 Thread exited: 0x0000029535873600
Event: 1178.953 Thread 0x00000295358722c0 Thread added: 0x00000295358722c0
Event: 1179.981 Thread 0x00000295358722c0 Thread exited: 0x00000295358722c0
Event: 1528.154 Thread 0x0000029535876af0 Thread added: 0x0000029535876af0
Event: 1529.310 Thread 0x0000029535876af0 Thread exited: 0x0000029535876af0
Event: 1544.700 Thread 0x0000029535878300 Thread added: 0x0000029535878300
Event: 1545.714 Thread 0x0000029535878300 Thread exited: 0x0000029535878300
Event: 1561.262 Thread 0x0000029535873600 Thread added: 0x0000029535873600
Event: 1562.289 Thread 0x0000029535873600 Thread exited: 0x0000029535873600
Event: 1571.580 Thread 0x0000029535876af0 Thread added: 0x0000029535876af0
Event: 1572.955 Thread 0x0000029535876af0 Thread exited: 0x0000029535876af0
Event: 1805.182 Thread 0x0000029535871df0 Thread added: 0x0000029535871df0
Event: 1806.214 Thread 0x0000029535871df0 Thread exited: 0x0000029535871df0
Event: 1850.310 Thread 0x0000029535873130 Thread added: 0x0000029535873130
Event: 1851.339 Thread 0x0000029535873130 Thread exited: 0x0000029535873130
Event: 1851.698 Thread 0x0000029535871df0 Thread added: 0x0000029535871df0


Dynamic libraries:
0x00007ff641c80000 - 0x00007ff641c8d000 	C:\Users\Kiruthika.R\Downloads\eclipse-java-2020-12-R-win32-x86_64\eclipse\plugins\org.eclipse.justj.openjdk.hotspot.jre.full.win32.x86_64_15.0.1.v20201027-0507\jre\bin\javaw.exe
0x00007ffe3a680000 - 0x00007ffe3a870000 	C:\Windows\SYSTEM32\ntdll.dll
0x00007ffe39a70000 - 0x00007ffe39b22000 	C:\Windows\System32\KERNEL32.DLL
0x00007ffe382d0000 - 0x00007ffe38576000 	C:\Windows\System32\KERNELBASE.dll
0x00007ffe37ea0000 - 0x00007ffe37f9a000 	C:\Windows\System32\ucrtbase.dll
0x00007ffe2bd80000 - 0x00007ffe2bd98000 	C:\Users\Kiruthika.R\Downloads\eclipse-java-2020-12-R-win32-x86_64\eclipse\plugins\org.eclipse.justj.openjdk.hotspot.jre.full.win32.x86_64_15.0.1.v20201027-0507\jre\bin\jli.dll
0x00007ffe2bd60000 - 0x00007ffe2bd79000 	C:\Users\Kiruthika.R\Downloads\eclipse-java-2020-12-R-win32-x86_64\eclipse\plugins\org.eclipse.justj.openjdk.hotspot.jre.full.win32.x86_64_15.0.1.v20201027-0507\jre\bin\VCRUNTIME140.dll
0x00007ffe3a0c0000 - 0x00007ffe3a254000 	C:\Windows\System32\USER32.dll
0x00007ffe37e20000 - 0x00007ffe37e41000 	C:\Windows\System32\win32u.dll
0x00007ffe38850000 - 0x00007ffe38876000 	C:\Windows\System32\GDI32.dll
0x00007ffe15d90000 - 0x00007ffe16014000 	C:\Windows\WinSxS\amd64_microsoft.windows.common-controls_6595b64144ccf1df_6.0.18362.1734_none_9e7c63e3e45fdc87\COMCTL32.dll
0x00007ffe38580000 - 0x00007ffe38718000 	C:\Windows\System32\gdi32full.dll
0x00007ffe3a260000 - 0x00007ffe3a2fe000 	C:\Windows\System32\msvcrt.dll
0x00007ffe37d80000 - 0x00007ffe37e1e000 	C:\Windows\System32\msvcp_win.dll
0x00007ffe39d80000 - 0x00007ffe3a0b6000 	C:\Windows\System32\combase.dll
0x00007ffe39b40000 - 0x00007ffe39c5f000 	C:\Windows\System32\RPCRT4.dll
0x00007ffe37fa0000 - 0x00007ffe38024000 	C:\Windows\System32\bcryptPrimitives.dll
0x00007ffe390b0000 - 0x00007ffe390de000 	C:\Windows\System32\IMM32.DLL
0x00007ffe36810000 - 0x00007ffe3697b000 	C:\Program Files\Avecto\Privilege Guard Client\PGHook.dll
0x00007ffe39cd0000 - 0x00007ffe39d73000 	C:\Windows\System32\ADVAPI32.dll
0x00007ffe39010000 - 0x00007ffe390a7000 	C:\Windows\System32\sechost.dll
0x00007ffe375e0000 - 0x00007ffe375f7000 	C:\Windows\System32\CRYPTSP.dll
0x00007ffe367d0000 - 0x00007ffe36803000 	C:\Windows\system32\rsaenh.dll
0x00007ffe38030000 - 0x00007ffe38056000 	C:\Windows\System32\bcrypt.dll
0x00007ffe36f40000 - 0x00007ffe36f4c000 	C:\Windows\SYSTEM32\CRYPTBASE.dll
0x0000000068000000 - 0x0000000068071000 	C:\Windows\System32\QIPCAP64.dll
0x00007ffe38880000 - 0x00007ffe38f67000 	C:\Windows\System32\SHELL32.dll
0x00007ffe37e50000 - 0x00007ffe37e9a000 	C:\Windows\System32\cfgmgr32.dll
0x00007ffe3a300000 - 0x00007ffe3a3a9000 	C:\Windows\System32\shcore.dll
0x00007ffe37600000 - 0x00007ffe37d7b000 	C:\Windows\System32\windows.storage.dll
0x00007ffe375c0000 - 0x00007ffe375de000 	C:\Windows\System32\profapi.dll
0x00007ffe37570000 - 0x00007ffe375ba000 	C:\Windows\System32\powrprof.dll
0x00007ffe37520000 - 0x00007ffe37530000 	C:\Windows\System32\UMPDC.dll
0x00007ffe39c70000 - 0x00007ffe39cc2000 	C:\Windows\System32\shlwapi.dll
0x00007ffe37530000 - 0x00007ffe37541000 	C:\Windows\System32\kernel.appcore.dll
0x00007ffe36ac0000 - 0x00007ffe36b8a000 	C:\Windows\SYSTEM32\DNSAPI.dll
0x00007ffe38720000 - 0x00007ffe3878f000 	C:\Windows\System32\WS2_32.dll
0x00007ffe39c60000 - 0x00007ffe39c68000 	C:\Windows\System32\NSI.dll
0x00007ffe36a80000 - 0x00007ffe36aba000 	C:\Windows\SYSTEM32\IPHLPAPI.DLL
0x00007ffdf4370000 - 0x00007ffdf4414000 	C:\Program Files\McAfee\Endpoint Security\Threat Prevention\Ips\EpMPApi.dll
0x00007ffe38110000 - 0x00007ffe3816c000 	C:\Windows\System32\WINTRUST.dll
0x00007ffe37550000 - 0x00007ffe37562000 	C:\Windows\System32\MSASN1.dll
0x0000029514910000 - 0x0000029514a61000 	C:\Windows\System32\CRYPT32.dll
0x0000000077e30000 - 0x0000000077e3c000 	C:\Program Files\McAfee\Endpoint Security\Threat Prevention\Ips\EpMPThe.dll
0x00007ffe31e20000 - 0x00007ffe31e2c000 	C:\Users\Kiruthika.R\Downloads\eclipse-java-2020-12-R-win32-x86_64\eclipse\plugins\org.eclipse.justj.openjdk.hotspot.jre.full.win32.x86_64_15.0.1.v20201027-0507\jre\bin\vcruntime140_1.dll
0x00007ffde7a80000 - 0x00007ffde7b11000 	C:\Users\Kiruthika.R\Downloads\eclipse-java-2020-12-R-win32-x86_64\eclipse\plugins\org.eclipse.justj.openjdk.hotspot.jre.full.win32.x86_64_15.0.1.v20201027-0507\jre\bin\msvcp140.dll
0x00007ffdbc4d0000 - 0x00007ffdbd02e000 	C:\Users\Kiruthika.R\Downloads\eclipse-java-2020-12-R-win32-x86_64\eclipse\plugins\org.eclipse.justj.openjdk.hotspot.jre.full.win32.x86_64_15.0.1.v20201027-0507\jre\bin\server\jvm.dll
0x00007ffe3a3b0000 - 0x00007ffe3a3b8000 	C:\Windows\System32\PSAPI.DLL
0x00007ffe13a20000 - 0x00007ffe13a29000 	C:\Windows\SYSTEM32\WSOCK32.dll
0x00007ffe31d40000 - 0x00007ffe31d64000 	C:\Windows\SYSTEM32\WINMM.dll
0x00007ffe28b80000 - 0x00007ffe28b8a000 	C:\Windows\SYSTEM32\VERSION.dll
0x00007ffe31d10000 - 0x00007ffe31d3d000 	C:\Windows\SYSTEM32\WINMMBASE.dll
0x00007ffe2cc80000 - 0x00007ffe2cc8a000 	C:\Users\Kiruthika.R\Downloads\eclipse-java-2020-12-R-win32-x86_64\eclipse\plugins\org.eclipse.justj.openjdk.hotspot.jre.full.win32.x86_64_15.0.1.v20201027-0507\jre\bin\jimage.dll
0x00007ffe329c0000 - 0x00007ffe32bb4000 	C:\Windows\SYSTEM32\DBGHELP.DLL
0x00007ffe1b120000 - 0x00007ffe1b14a000 	C:\Windows\SYSTEM32\dbgcore.DLL
0x00007ffe1efd0000 - 0x00007ffe1f009000 	C:\Users\Kiruthika.R\Downloads\eclipse-java-2020-12-R-win32-x86_64\eclipse\plugins\org.eclipse.justj.openjdk.hotspot.jre.full.win32.x86_64_15.0.1.v20201027-0507\jre\bin\jdwp.dll
0x00007ffe1f070000 - 0x00007ffe1f095000 	C:\Users\Kiruthika.R\Downloads\eclipse-java-2020-12-R-win32-x86_64\eclipse\plugins\org.eclipse.justj.openjdk.hotspot.jre.full.win32.x86_64_15.0.1.v20201027-0507\jre\bin\java.dll
0x00007ffe21770000 - 0x00007ffe21788000 	C:\Users\Kiruthika.R\Downloads\eclipse-java-2020-12-R-win32-x86_64\eclipse\plugins\org.eclipse.justj.openjdk.hotspot.jre.full.win32.x86_64_15.0.1.v20201027-0507\jre\bin\zip.dll
0x00007ffe2bd50000 - 0x00007ffe2bd5b000 	C:\Users\Kiruthika.R\Downloads\eclipse-java-2020-12-R-win32-x86_64\eclipse\plugins\org.eclipse.justj.openjdk.hotspot.jre.full.win32.x86_64_15.0.1.v20201027-0507\jre\bin\dt_socket.dll
0x00007ffe36d70000 - 0x00007ffe36dd7000 	C:\Windows\system32\mswsock.dll
0x00007ffe2afe0000 - 0x00007ffe2afea000 	C:\Windows\System32\rasadhlp.dll
0x00007ffe2e9e0000 - 0x00007ffe2ea57000 	C:\Windows\System32\fwpuclnt.dll
0x00007ffe1feb0000 - 0x00007ffe1fec9000 	C:\Users\Kiruthika.R\Downloads\eclipse-java-2020-12-R-win32-x86_64\eclipse\plugins\org.eclipse.justj.openjdk.hotspot.jre.full.win32.x86_64_15.0.1.v20201027-0507\jre\bin\net.dll
0x00007ffe2f740000 - 0x00007ffe2f839000 	C:\Windows\SYSTEM32\WINHTTP.dll
0x00007ffe1efb0000 - 0x00007ffe1efc2000 	C:\Users\Kiruthika.R\Downloads\eclipse-java-2020-12-R-win32-x86_64\eclipse\plugins\org.eclipse.justj.openjdk.hotspot.jre.full.win32.x86_64_15.0.1.v20201027-0507\jre\bin\nio.dll
0x00007ffe37410000 - 0x00007ffe37435000 	C:\Windows\SYSTEM32\USERENV.dll
0x00007ffe2d560000 - 0x00007ffe2d576000 	C:\Windows\SYSTEM32\dhcpcsvc6.DLL
0x00007ffe2d410000 - 0x00007ffe2d42c000 	C:\Windows\SYSTEM32\dhcpcsvc.DLL
0x00007ffe2c1a0000 - 0x00007ffe2c1b0000 	C:\Users\Kiruthika.R\Downloads\eclipse-java-2020-12-R-win32-x86_64\eclipse\plugins\org.eclipse.justj.openjdk.hotspot.jre.full.win32.x86_64_15.0.1.v20201027-0507\jre\bin\verify.dll
0x00007ffe2c190000 - 0x00007ffe2c19d000 	C:\Users\Kiruthika.R\Downloads\eclipse-java-2020-12-R-win32-x86_64\eclipse\plugins\org.eclipse.justj.openjdk.hotspot.jre.full.win32.x86_64_15.0.1.v20201027-0507\jre\bin\sunmscapi.dll
0x00007ffe37040000 - 0x00007ffe37066000 	C:\Windows\SYSTEM32\ncrypt.dll
0x00007ffe37000000 - 0x00007ffe3703b000 	C:\Windows\SYSTEM32\NTASN1.dll
0x00007ffe2bd20000 - 0x00007ffe2bd29000 	C:\Users\Kiruthika.R\Downloads\eclipse-java-2020-12-R-win32-x86_64\eclipse\plugins\org.eclipse.justj.openjdk.hotspot.jre.full.win32.x86_64_15.0.1.v20201027-0507\jre\bin\management.dll
0x00007ffe25670000 - 0x00007ffe2567b000 	C:\Users\Kiruthika.R\Downloads\eclipse-java-2020-12-R-win32-x86_64\eclipse\plugins\org.eclipse.justj.openjdk.hotspot.jre.full.win32.x86_64_15.0.1.v20201027-0507\jre\bin\management_ext.dll
0x00007ffdf6b00000 - 0x00007ffdf6b16000 	C:\Windows\system32\napinsp.dll
0x00007ffdf6ae0000 - 0x00007ffdf6afa000 	C:\Windows\system32\pnrpnsp.dll
0x00007ffdf6ad0000 - 0x00007ffdf6ade000 	C:\Windows\System32\winrnr.dll
0x00007ffe316a0000 - 0x00007ffe316bc000 	C:\Windows\system32\NLAapi.dll
0x00007ffe2eef0000 - 0x00007ffe2ef05000 	C:\Windows\system32\wshbth.dll
0x00007ffdc5140000 - 0x00007ffdc52bf000 	C:\Users\Kiruthika.R\Downloads\eclipse-java-2020-12-R-win32-x86_64\eclipse\plugins\org.eclipse.justj.openjdk.hotspot.jre.full.win32.x86_64_15.0.1.v20201027-0507\jre\bin\awt.dll
0x0000029539460000 - 0x0000029539525000 	C:\Windows\System32\OLEAUT32.dll
0x00007ffe31ae0000 - 0x00007ffe31b6f000 	C:\Windows\SYSTEM32\apphelp.dll
0x00007ffe32140000 - 0x00007ffe3216d000 	C:\Windows\system32\DWMAPI.DLL
0x00007ffe31ea0000 - 0x00007ffe31f39000 	C:\Windows\system32\uxtheme.dll
0x00007ffdf80a0000 - 0x00007ffdf81f6000 	C:\Windows\system32\opengl32.dll
0x00007ffe1fa60000 - 0x00007ffe1fa8c000 	C:\Windows\SYSTEM32\GLU32.dll
0x00007ffe35d80000 - 0x00007ffe35da0000 	C:\Windows\SYSTEM32\dxcore.dll
0x00007ffe3a3c0000 - 0x00007ffe3a4f5000 	C:\Windows\System32\MSCTF.dll
0x00007ffe39690000 - 0x00007ffe397e7000 	C:\Windows\System32\ole32.dll

dbghelp: loaded successfully - version: 4.0.5 - missing functions: none
symbol engine: initialized successfully - sym options: 0x614 - pdb path: .;C:\Users\Kiruthika.R\Downloads\eclipse-java-2020-12-R-win32-x86_64\eclipse\plugins\org.eclipse.justj.openjdk.hotspot.jre.full.win32.x86_64_15.0.1.v20201027-0507\jre\bin;C:\Windows\SYSTEM32;C:\Windows\WinSxS\amd64_microsoft.windows.common-controls_6595b64144ccf1df_6.0.18362.1734_none_9e7c63e3e45fdc87;C:\Program Files\Avecto\Privilege Guard Client;C:\Program Files\McAfee\Endpoint Security\Threat Prevention\Ips;C:\Users\Kiruthika.R\Downloads\eclipse-java-2020-12-R-win32-x86_64\eclipse\plugins\org.eclipse.justj.openjdk.hotspot.jre.full.win32.x86_64_15.0.1.v20201027-0507\jre\bin\server

VM Arguments:
jvm_args: -XX:+ShowCodeDetailsInExceptionMessages -agentlib:jdwp=transport=dt_socket,suspend=y,address=localhost:57993 -ea -Dfile.encoding=UTF-8 
java_command: org.testng.remote.RemoteTestNG -serport 62975 -protocol json -d C:\Users\Kiruthika.R\git\Test-Automation\LHHAutomationFramework\test-output C:\Users\KIRUTH~1.R\AppData\Local\Temp\testng-eclipse--2074789372\testng-customsuite.xml
java_class_path (initial): D:\Eclips\eclipse\configuration\org.eclipse.osgi\443\0\.cp\lib\testng-remote.jar;C:\Users\Kiruthika.R\git\Test-Automation\LHHAutomationFramework\target\test-classes;C:\Users\Kiruthika.R\git\Test-Automation\LHHAutomationFramework\target\classes;C:\Users\Kiruthika.R\.m2\repository\org\json\json\20180813\json-20180813.jar;C:\Users\Kiruthika.R\.m2\repository\com\google\code\gson\gson\2.8.5\gson-2.8.5.jar;C:\Users\Kiruthika.R\.m2\repository\com\google\guava\guava\26.0-jre\guava-26.0-jre.jar;C:\Users\Kiruthika.R\.m2\repository\com\google\code\findbugs\jsr305\3.0.2\jsr305-3.0.2.jar;C:\Users\Kiruthika.R\.m2\repository\org\checkerframework\checker-qual\2.5.2\checker-qual-2.5.2.jar;C:\Users\Kiruthika.R\.m2\repository\com\google\errorprone\error_prone_annotations\2.1.3\error_prone_annotations-2.1.3.jar;C:\Users\Kiruthika.R\.m2\repository\com\google\j2objc\j2objc-annotations\1.1\j2objc-annotations-1.1.jar;C:\Users\Kiruthika.R\.m2\repository\org\codehaus\mojo\animal-sniffer-annotations\1.14\animal-sniffer-annotations-1.14.jar;C:\Users\Kiruthika.R\.m2\repository\org\apache\logging\log4j\log4j-core\2.13.1\log4j-core-2.13.1.jar;C:\Users\Kiruthika.R\.m2\repository\org\apache\logging\log4j\log4j-api\2.13.1\log4j-api-2.13.1.jar;C:\Users\Kiruthika.R\.m2\repository\org\seleniumhq\selenium\selenium-server\3.141.59\selenium-server-3.141.59.jar;C:\Users\Kiruthika.R\.m2\repository\org\seleniumhq\selenium\selenium-java\3.141.59\selenium-java-3.141.59.jar;C:\Users\Kiruthika.R\.m2\repository\org\seleniumhq\selenium\selenium-api\3.141.59\selenium-api-3.141.59.jar;C:\Users\Kiruthika.R\.m2\repository\org\seleniumhq\selenium\selenium-chrome-driver\3.141.59\selenium-chrome-driver-3.141.59.jar;C:\Users\Kiruthika.R\.m2\repository\org\seleniumhq\selenium\selenium-edge-driver\3.141.59\selenium-edge-driver-3.141.59.jar;C:\Users\Kiruthika.R\.m2\repository\org\seleniumhq\selenium\selenium-firefox-driver\3.141.59\selenium-firefox-driver-3.141.59.jar;C:\Users\Kiruthika.R\.m2\rep
Launcher Type: SUN_STANDARD

[Global flags]
     intx CICompilerCount                          = 4                                         {product} {ergonomic}
     uint ConcGCThreads                            = 2                                         {product} {ergonomic}
     uint G1ConcRefinementThreads                  = 8                                         {product} {ergonomic}
   size_t G1HeapRegionSize                         = 2097152                                   {product} {ergonomic}
    uintx GCDrainStackTargetSize                   = 64                                        {product} {ergonomic}
   size_t InitialHeapSize                          = 262144000                                 {product} {ergonomic}
   size_t MarkStackSize                            = 4194304                                   {product} {ergonomic}
   size_t MaxHeapSize                              = 4190109696                                {product} {ergonomic}
   size_t MaxNewSize                               = 2512388096                                {product} {ergonomic}
   size_t MinHeapDeltaBytes                        = 2097152                                   {product} {ergonomic}
   size_t MinHeapSize                              = 8388608                                   {product} {ergonomic}
    uintx NonNMethodCodeHeapSize                   = 5839372                                {pd product} {ergonomic}
    uintx NonProfiledCodeHeapSize                  = 122909434                              {pd product} {ergonomic}
    uintx ProfiledCodeHeapSize                     = 122909434                              {pd product} {ergonomic}
    uintx ReservedCodeCacheSize                    = 251658240                              {pd product} {ergonomic}
     bool SegmentedCodeCache                       = true                                      {product} {ergonomic}
     bool ShowCodeDetailsInExceptionMessages       = true                                   {manageable} {command line}
   size_t SoftMaxHeapSize                          = 4190109696                             {manageable} {ergonomic}
     bool UseCompressedClassPointers               = true                                 {lp64_product} {ergonomic}
     bool UseCompressedOops                        = true                                 {lp64_product} {ergonomic}
     bool UseG1GC                                  = true                                      {product} {ergonomic}
     bool UseLargePagesIndividualAllocation        = false                                  {pd product} {ergonomic}

Logging:
Log output configuration:
 #0: stdout all=warning uptime,level,tags
 #1: stderr all=off uptime,level,tags

Environment Variables:
PATH=C:\Users\Kiruthika.R\Downloads\eclipse-java-2020-12-R-win32-x86_64\eclipse\plugins\org.eclipse.justj.openjdk.hotspot.jre.full.win32.x86_64_15.0.1.v20201027-0507\jre\bin;D:/Eclips/eclipse//plugins/org.eclipse.justj.openjdk.hotspot.jre.full.win32.x86_64_15.0.1.v20201027-0507/jre/bin/server;D:/Eclips/eclipse//plugins/org.eclipse.justj.openjdk.hotspot.jre.full.win32.x86_64_15.0.1.v20201027-0507/jre/bin;C:\Program Files\Microsoft MPI\Bin\;C:\Windows\system32;C:\Windows;C:\Windows\System32\Wbem;C:\Windows\System32\WindowsPowerShell\v1.0\;C:\Windows\System32\OpenSSH\;C:\Program Files\TortoiseSVN\bin;C:\Program Files\ojdkbuild\java-1.8.0-openjdk-1.8.0.242-1\bin;C:\Program Files\ojdkbuild\java-1.8.0-openjdk-1.8.0.242-1\jre\bin;C:\Program Files\nodejs\;C:\Program Files (x86)\Microsoft SQL Server\140\Tools\Binn\;C:\Program Files\Microsoft SQL Server\140\Tools\Binn\;C:\Program Files (x86)\Microsoft SQL Server\140\DTS\Binn\;C:\Program Files\Microsoft SQL Server\140\DTS\Binn\;C:\Program Files\Microsoft SQL Server\Client SDK\ODBC\130\Tools\Binn\;C:\Program Files (x86)\Microsoft SQL Server\150\DTS\Binn\;C:\Program Files\Azure Data Studio\bin;C:\Program Files (x86)\Pulse Secure\VC142.CRT\X64\;C:\Program Files (x86)\Pulse Secure\VC142.CRT\X86\;C:\Users\Kiruthika.R\AppData\Local\Microsoft\WindowsApps;C:\Users\Kiruthika.R\AppData\Roaming\npm;D:\Eclips\eclipse;
USERNAME=Kiruthika.R
OS=Windows_NT
PROCESSOR_IDENTIFIER=Intel64 Family 6 Model 142 Stepping 12, GenuineIntel



---------------  S Y S T E M  ---------------

OS:
 Windows 10 , 64 bit Build 18362 (10.0.18362.1714)
OS uptime: 9 days 21:19 hours

CPU: total 8 (initial active 8) (4 cores per cpu, 2 threads per core) family 6 model 142 stepping 12 microcode 0xde, cmov, cx8, fxsr, mmx, sse, sse2, sse3, ssse3, sse4.1, sse4.2, popcnt, vzeroupper, avx, avx2, aes, clmul, erms, 3dnowpref, lzcnt, ht, tsc, tscinvbit, bmi1, bmi2, adx, fma, clflush, clflushopt

Memory: 4k page, system-wide physical 15980M (5492M free)
TotalPageFile size 26732M (AvailPageFile size 14002M)
current process WorkingSet (physical memory assigned to process): 199M, peak: 247M
current process commit charge ("private bytes"): 231M, peak: 383M

vm_info: OpenJDK 64-Bit Server VM (15.0.1+9-18) for windows-amd64 JRE (15.0.1+9-18), built on Sep 15 2020 14:39:31 by "mach5one" with unknown MS VC++:1925

END.
