#
# A fatal error has been detected by the Java Runtime Environment:
#
#  EXCEPTION_ACCESS_VIOLATION (0xc0000005) at pc=0x00007ffdadf65bf1, pid=27272, tid=31872
#
# JRE version: OpenJDK Runtime Environment (15.0.1+9) (build 15.0.1+9-18)
# Java VM: OpenJDK 64-Bit Server VM (15.0.1+9-18, mixed mode, tiered, compressed oops, g1 gc, windows-amd64)
# Problematic frame:
# V  [jvm.dll+0x3a5bf1]
#
# No core dump will be written. Minidumps are not enabled by default on client versions of Windows
#
# If you would like to submit a bug report, please visit:
#   https://bugreport.java.com/bugreport/crash.jsp
#

---------------  S U M M A R Y ------------

Command Line: -ea -Dfile.encoding=UTF-8 -XX:+ShowCodeDetailsInExceptionMessages org.testng.remote.RemoteTestNG -serport 63962 -protocol json -d C:\Users\Kiruthika.R\git\Test-Automation\LHHAutomationFramework\test-output C:\Users\KIRUTH~1.R\AppData\Local\Temp\testng-eclipse-664715502\testng-customsuite.xml

Host: Intel(R) Core(TM) i7-10610U CPU @ 1.80GHz, 8 cores, 15G,  Windows 10 , 64 bit Build 18362 (10.0.18362.1714)
Time: Wed Sep  8 11:11:58 2021 India Standard Time elapsed time: 516.349165 seconds (0d 0h 8m 36s)

---------------  T H R E A D  ---------------

Current thread (0x0000014daca8b8f0):  JavaThread "AWT-Windows" daemon [_thread_in_vm, id=31872, stack(0x0000001646000000,0x0000001646100000)]

Stack: [0x0000001646000000,0x0000001646100000],  sp=0x00000016460feff0,  free space=1019k
Native frames: (J=compiled Java code, j=interpreted, Vv=VM code, C=native code)
V  [jvm.dll+0x3a5bf1]
C  [awt.dll+0x6ad44]

Java frames: (J=compiled Java code, j=interpreted, Vv=VM code)
j  sun.awt.windows.WToolkit.eventLoop()V+0 java.desktop@15.0.1
j  sun.awt.windows.WToolkit.run()V+50 java.desktop@15.0.1
j  java.lang.Thread.run()V+11 java.base@15.0.1
v  ~StubRoutines::call_stub

siginfo: EXCEPTION_ACCESS_VIOLATION (0xc0000005), reading address 0x0000000000000000


Register to memory mapping:

RIP=0x00007ffdadf65bf1 jvm.dll
RAX=0x0 is NULL
RBX=0x0000014daca8b8f0 is a thread
RCX=0x0000014daca8b8f0 is a thread
RDX=0x0000014dabd211c0 is a global jni handle
RSP=0x00000016460feff0 is pointing into the stack for thread: 0x0000014daca8b8f0
RBP=0x00000016460ff0e8 is pointing into the stack for thread: 0x0000014daca8b8f0
RSI=0x0 is NULL
RDI=0x0000014daca8bc18 points into unknown readable memory: 0x00007ffdae5bde40 | 40 de 5b ae fd 7f 00 00
R8 =0x0 is NULL
R9 =0x00000016460ff0e8 is pointing into the stack for thread: 0x0000014daca8b8f0
R10=0x0000014d8a6f1f70 points into unknown readable memory: 0x0000000000000000 | 00 00 00 00 00 00 00 00
R11=0x00000016460ff098 is pointing into the stack for thread: 0x0000014daca8b8f0
R12=0x00007ffddf370000 awt.dll
R13=0x00000000000e0d32 is an unknown value
R14=0x0000014dabd211c0 is a global jni handle
R15=0x0000000000000308 is an unknown value


Registers:
RAX=0x0000000000000000, RBX=0x0000014daca8b8f0, RCX=0x0000014daca8b8f0, RDX=0x0000014dabd211c0
RSP=0x00000016460feff0, RBP=0x00000016460ff0e8, RSI=0x0000000000000000, RDI=0x0000014daca8bc18
R8 =0x0000000000000000, R9 =0x00000016460ff0e8, R10=0x0000014d8a6f1f70, R11=0x00000016460ff098
R12=0x00007ffddf370000, R13=0x00000000000e0d32, R14=0x0000014dabd211c0, R15=0x0000000000000308
RIP=0x00007ffdadf65bf1, EFLAGS=0x0000000000010246

Top of Stack: (sp=0x00000016460feff0)
0x00000016460feff0:   00000016460ff330 00000016460ff0f0
0x00000016460ff000:   0000000000000000 0000000000000000
0x00000016460ff010:   0000014d8f9fdd40 00007ffdadf76dc4
0x00000016460ff020:   0000ad02dfe0fb11 0000014daca8b8f0
0x00000016460ff030:   0000014daca8b8f0 0000014dacaf2d70
0x00000016460ff040:   0000014daca8b8f0 0000000000000000
0x00000016460ff050:   0000000000000001 00000016460ff278
0x00000016460ff060:   00000016460ff298 00007ffdadf76dc4
0x00000016460ff070:   0000ad02dfe0fbc1 00007ffddf44ae3f
0x00000016460ff080:   00000016460ff298 00007ffe3a0d4013
0x00000016460ff090:   0000000000000000 00007ffddf3dad44
0x00000016460ff0a0:   0000000000000000 0000000000000000
0x00000016460ff0b0:   0000000000000000 0000000000000000
0x00000016460ff0c0:   0000000000000000 00007ffddf3fb84b
0x00000016460ff0d0:   0000000000000000 0000014daca8bc18
0x00000016460ff0e0:   0000000000000000 0000000000000000 

Instructions: (pc=0x00007ffdadf65bf1)
0x00007ffdadf65af1:   00 00 e8 f8 6c 27 00 48 8b 87 10 01 00 00 c0 e8
0x00007ffdadf65b01:   03 a8 01 74 08 48 8b cf e8 72 71 2e 00 c7 87 98
0x00007ffdadf65b11:   03 00 00 04 00 00 00 48 81 c4 b0 00 00 00 41 5e
0x00007ffdadf65b21:   5f 5e 5d 5b c3 cc cc cc cc cc cc cc cc cc cc 48
0x00007ffdadf65b31:   89 5c 24 08 48 89 6c 24 10 48 89 74 24 18 48 89
0x00007ffdadf65b41:   7c 24 20 41 56 48 81 ec a0 00 00 00 8b 81 88 00
0x00007ffdadf65b51:   00 00 48 8d 99 d8 fc ff ff 05 55 21 ff ff 49 8b
0x00007ffdadf65b61:   e9 49 8b f0 4c 8b f2 48 8b f9 83 f8 01 76 0a 48
0x00007ffdadf65b71:   8b cb e8 08 7a 39 00 33 db c7 83 98 03 00 00 05
0x00007ffdadf65b81:   00 00 00 e8 67 6c 27 00 48 8b 03 48 8b cb ff 50
0x00007ffdadf65b91:   38 84 c0 74 0e 48 8b 83 10 01 00 00 c0 e8 03 24
0x00007ffdadf65ba1:   01 eb 0b 8b 05 66 6b 6f 00 85 c0 0f 95 c0 84 c0
0x00007ffdadf65bb1:   75 0d 8b 83 e0 00 00 00 a9 04 00 00 20 74 08 48
0x00007ffdadf65bc1:   8b cb e8 38 80 39 00 c7 83 98 03 00 00 06 00 00
0x00007ffdadf65bd1:   00 48 83 7b 08 00 48 89 5c 24 50 48 c7 44 24 58
0x00007ffdadf65be1:   00 00 00 00 74 0a 48 8d 4c 24 50 e8 ef 0c 2b 00
0x00007ffdadf65bf1:   48 8b 16 48 8d 4c 24 70 c7 44 24 40 0e 00 00 00
0x00007ffdadf65c01:   e8 ea 19 01 00 48 8d 05 4b 4e 4f 00 48 89 5c 24
0x00007ffdadf65c11:   30 48 89 44 24 70 48 8d 54 24 40 48 8d 44 24 70
0x00007ffdadf65c21:   48 89 ac 24 98 00 00 00 48 89 44 24 28 41 b9 01
0x00007ffdadf65c31:   00 00 00 4d 8b c6 48 89 74 24 20 48 8b cf e8 6c
0x00007ffdadf65c41:   2b 01 00 48 83 7c 24 58 00 74 0a 48 8d 4c 24 50
0x00007ffdadf65c51:   e8 2a 0d 2b 00 48 8b bb f8 00 00 00 48 8b 4f 10
0x00007ffdadf65c61:   48 83 39 00 74 0c 48 8b cf e8 21 eb f6 ff 48 8b
0x00007ffdadf65c71:   4f 10 48 8b 47 08 48 89 48 10 48 8b 4f 08 48 8b
0x00007ffdadf65c81:   47 18 48 89 41 18 48 8b 4f 08 48 8b 47 20 48 89
0x00007ffdadf65c91:   41 20 c7 83 98 03 00 00 07 00 00 00 e8 4e 6b 27
0x00007ffdadf65ca1:   00 48 8b 83 10 01 00 00 c0 e8 03 a8 01 74 08 48
0x00007ffdadf65cb1:   8b cb e8 c8 6f 2e 00 4c 8d 9c 24 a0 00 00 00 c7
0x00007ffdadf65cc1:   83 98 03 00 00 04 00 00 00 49 8b 5b 10 49 8b 6b
0x00007ffdadf65cd1:   18 49 8b 73 20 49 8b 7b 28 49 8b e3 41 5e c3 48
0x00007ffdadf65ce1:   89 5c 24 08 48 89 6c 24 10 48 89 74 24 18 48 89 


Stack slot to memory mapping:
stack at sp + 0 slots: 0x00000016460ff330 is pointing into the stack for thread: 0x0000014daca8b8f0
stack at sp + 1 slots: 0x00000016460ff0f0 is pointing into the stack for thread: 0x0000014daca8b8f0
stack at sp + 2 slots: 0x0 is NULL
stack at sp + 3 slots: 0x0 is NULL
stack at sp + 4 slots: 0x0000014d8f9fdd40 is at code_begin+0 in an Interpreter codelet
method entry point (kind = zerolocals)  [0x0000014d8f9fdd40, 0x0000014d8f9fe240]  1280 bytes
stack at sp + 5 slots: 0x00007ffdadf76dc4 jvm.dll
stack at sp + 6 slots: 0x0000ad02dfe0fb11 is an unknown value
stack at sp + 7 slots: 0x0000014daca8b8f0 is a thread


---------------  P R O C E S S  ---------------

Threads class SMR info:
_java_thread_list=0x0000014dacd2cfc0, length=30, elements={
0x0000014d8c00c400, 0x0000014dabcd8200, 0x0000014dabcd8ce0, 0x0000014dabd312b0,
0x0000014dabd34ea0, 0x0000014dabd37770, 0x0000014dabd3c370, 0x0000014dabd50650,
0x0000014dabd63720, 0x0000014dabe69ab0, 0x0000014dabe6a290, 0x0000014dac76bfa0,
0x0000014daea8cab0, 0x0000014dafc65ee0, 0x0000014dae3cea10, 0x0000014daca8c290,
0x0000014daca8aa80, 0x0000014daca8af50, 0x0000014daca8b8f0, 0x0000014daca8d5d0,
0x0000014daca8daa0, 0x0000014daca8a5b0, 0x0000014dad5b3640, 0x0000014dad5b4980,
0x0000014dad5b4e50, 0x0000014dad5b5320, 0x0000014dad5b6660, 0x0000014dad5b8340,
0x0000014dad5b8ce0, 0x0000014dad5bae90
}

Java Threads: ( => current thread )
  0x0000014d8c00c400 JavaThread "Forwarding findElement on session 28dbca97891368f196b2711c89777e5d to remote" [_thread_in_native, id=16532, stack(0x0000001643e00000,0x0000001643f00000)]
  0x0000014dabcd8200 JavaThread "Reference Handler" daemon [_thread_blocked, id=13600, stack(0x0000001644500000,0x0000001644600000)]
  0x0000014dabcd8ce0 JavaThread "Finalizer" daemon [_thread_blocked, id=2356, stack(0x0000001644600000,0x0000001644700000)]
  0x0000014dabd312b0 JavaThread "Signal Dispatcher" daemon [_thread_blocked, id=12548, stack(0x0000001644700000,0x0000001644800000)]
  0x0000014dabd34ea0 JavaThread "Attach Listener" daemon [_thread_blocked, id=9256, stack(0x0000001644800000,0x0000001644900000)]
  0x0000014dabd37770 JavaThread "Service Thread" daemon [_thread_blocked, id=32652, stack(0x0000001644900000,0x0000001644a00000)]
  0x0000014dabd3c370 JavaThread "C2 CompilerThread0" daemon [_thread_blocked, id=25800, stack(0x0000001644a00000,0x0000001644b00000)]
  0x0000014dabd50650 JavaThread "C1 CompilerThread0" daemon [_thread_blocked, id=21460, stack(0x0000001644b00000,0x0000001644c00000)]
  0x0000014dabd63720 JavaThread "Sweeper thread" daemon [_thread_blocked, id=29664, stack(0x0000001644c00000,0x0000001644d00000)]
  0x0000014dabe69ab0 JavaThread "Notification Thread" daemon [_thread_blocked, id=29876, stack(0x0000001644d00000,0x0000001644e00000)]
  0x0000014dabe6a290 JavaThread "Common-Cleaner" daemon [_thread_blocked, id=22292, stack(0x0000001644f00000,0x0000001645000000)]
  0x0000014dac76bfa0 JavaThread "ReaderThread" [_thread_in_native, id=31408, stack(0x0000001645200000,0x0000001645300000)]
  0x0000014daea8cab0 JavaThread "Exec Default Executor" daemon [_thread_in_native, id=540, stack(0x0000001645a00000,0x0000001645b00000)]
  0x0000014dafc65ee0 JavaThread "Exec Stream Pumper" daemon [_thread_in_native, id=22564, stack(0x0000001645c00000,0x0000001645d00000)]
  0x0000014dae3cea10 JavaThread "Exec Stream Pumper" daemon [_thread_in_native, id=30780, stack(0x0000001645d00000,0x0000001645e00000)]
  0x0000014daca8c290 JavaThread "OkHttp ConnectionPool" daemon [_thread_blocked, id=20304, stack(0x0000001645000000,0x0000001645100000)]
  0x0000014daca8aa80 JavaThread "Okio Watchdog" daemon [_thread_blocked, id=31376, stack(0x0000001645800000,0x0000001645900000)]
  0x0000014daca8af50 JavaThread "Java2D Disposer" daemon [_thread_blocked, id=31556, stack(0x0000001645e00000,0x0000001645f00000)]
=>0x0000014daca8b8f0 JavaThread "AWT-Windows" daemon [_thread_in_vm, id=31872, stack(0x0000001646000000,0x0000001646100000)]
  0x0000014daca8d5d0 JavaThread "Exec Default Executor" daemon [_thread_in_native, id=25652, stack(0x0000001643d00000,0x0000001643e00000)]
  0x0000014daca8daa0 JavaThread "Exec Stream Pumper" daemon [_thread_in_native, id=29040, stack(0x0000001645f00000,0x0000001646000000)]
  0x0000014daca8a5b0 JavaThread "Exec Stream Pumper" daemon [_thread_in_native, id=4996, stack(0x0000001646100000,0x0000001646200000)]
  0x0000014dad5b3640 JavaThread "Exec Default Executor" daemon [_thread_in_native, id=26412, stack(0x0000001646200000,0x0000001646300000)]
  0x0000014dad5b4980 JavaThread "Exec Stream Pumper" daemon [_thread_in_native, id=23832, stack(0x0000001646300000,0x0000001646400000)]
  0x0000014dad5b4e50 JavaThread "Exec Stream Pumper" daemon [_thread_in_native, id=3952, stack(0x0000001646400000,0x0000001646500000)]
  0x0000014dad5b5320 JavaThread "Exec Default Executor" daemon [_thread_in_native, id=20848, stack(0x0000001643b00000,0x0000001643c00000)]
  0x0000014dad5b6660 JavaThread "UrlChecker-3" daemon [_thread_blocked, id=21880, stack(0x0000001643c00000,0x0000001643d00000)]
  0x0000014dad5b8340 JavaThread "Exec Stream Pumper" daemon [_thread_in_native, id=26968, stack(0x0000001645b00000,0x0000001645c00000)]
  0x0000014dad5b8ce0 JavaThread "Exec Stream Pumper" daemon [_thread_in_native, id=22852, stack(0x0000001646500000,0x0000001646600000)]
  0x0000014dad5bae90 JavaThread "AWT-Shutdown" [_thread_blocked, id=25596, stack(0x0000001646600000,0x0000001646700000)]

Other Threads:
  0x0000014d9f64eae0 VMThread "VM Thread" [stack: 0x0000001644400000,0x0000001644500000] [id=26880]
  0x0000014dabe69f80 WatcherThread [stack: 0x0000001644e00000,0x0000001644f00000] [id=7024]
  0x0000014d8c02eca0 GCTaskThread "GC Thread#0" [stack: 0x0000001643f00000,0x0000001644000000] [id=26992]
  0x0000014dac299690 GCTaskThread "GC Thread#1" [stack: 0x0000001645300000,0x0000001645400000] [id=31368]
  0x0000014dac296060 GCTaskThread "GC Thread#2" [stack: 0x0000001645400000,0x0000001645500000] [id=32576]
  0x0000014dac297050 GCTaskThread "GC Thread#3" [stack: 0x0000001645500000,0x0000001645600000] [id=12028]
  0x0000014dac297380 GCTaskThread "GC Thread#4" [stack: 0x0000001645600000,0x0000001645700000] [id=28016]
  0x0000014dac296390 GCTaskThread "GC Thread#5" [stack: 0x0000001645700000,0x0000001645800000] [id=30496]
  0x0000014d9f48e750 ConcurrentGCThread "G1 Main Marker" [stack: 0x0000001644000000,0x0000001644100000] [id=22724]
  0x0000014d9f48fa90 ConcurrentGCThread "G1 Conc#0" [stack: 0x0000001644100000,0x0000001644200000] [id=5232]
  0x0000014dac2976b0 ConcurrentGCThread "G1 Conc#1" [stack: 0x0000001645900000,0x0000001645a00000] [id=29968]
  0x0000014d9f5945b0 ConcurrentGCThread "G1 Refine#0" [stack: 0x0000001644200000,0x0000001644300000] [id=8516]
  0x0000014d9f594e00 ConcurrentGCThread "G1 Young RemSet Sampling" [stack: 0x0000001644300000,0x0000001644400000] [id=10112]

Threads with active compile tasks:

VM state: not at safepoint (normal execution)

VM Mutex/Monitor currently owned by a thread: None

Heap address: 0x0000000706400000, size: 3996 MB, Compressed Oops mode: Zero based, Oop shift amount: 3
CDS disabled.
Compressed class space mapped at: 0x0000000800000000-0x0000000840000000, size: 1073741824
Narrow klass base: 0x0000000800000000, Narrow klass shift: 0, Narrow klass range: 0x40000000

GC Precious Log:
 CPUs: 8 total, 8 available
 Memory: 15980M
 Large Page Support: Disabled
 NUMA Support: Disabled
 Compressed Oops: Enabled (Zero based)
 Heap Region Size: 2M
 Heap Min Capacity: 8M
 Heap Initial Capacity: 250M
 Heap Max Capacity: 3996M
 Pre-touch: Disabled
 Parallel Workers: 8
 Concurrent Workers: 2
 Concurrent Refinement Workers: 8
 Periodic GC: Disabled

Heap:
 garbage-first heap   total 86016K, used 44906K [0x0000000706400000, 0x0000000800000000)
  region size 2048K, 6 young (12288K), 1 survivors (2048K)
 Metaspace       used 46244K, capacity 46641K, committed 46748K, reserved 1091584K
  class space    used 4937K, capacity 5069K, committed 5100K, reserved 1048576K

Heap Regions: E=young(eden), S=young(survivor), O=old, HS=humongous(starts), HC=humongous(continues), CS=collection set, F=free, OA=open archive, CA=closed archive, TAMS=top-at-mark-start (previous, next)
|   0|0x0000000706400000, 0x0000000706600000, 0x0000000706600000|100%| O|  |TAMS 0x0000000706600000, 0x0000000706400000| Untracked 
|   1|0x0000000706600000, 0x0000000706800000, 0x0000000706800000|100%| O|  |TAMS 0x0000000706800000, 0x0000000706600000| Untracked 
|   2|0x0000000706800000, 0x0000000706a00000, 0x0000000706a00000|100%| O|  |TAMS 0x0000000706a00000, 0x0000000706800000| Untracked 
|   3|0x0000000706a00000, 0x0000000706c00000, 0x0000000706c00000|100%| O|  |TAMS 0x0000000706c00000, 0x0000000706a00000| Untracked 
|   4|0x0000000706c00000, 0x0000000706e00000, 0x0000000706e00000|100%| O|  |TAMS 0x0000000706e00000, 0x0000000706c00000| Untracked 
|   5|0x0000000706e00000, 0x0000000706e00000, 0x0000000707000000|  0%| F|  |TAMS 0x0000000706e00000, 0x0000000706e00000| Untracked 
|   6|0x0000000707000000, 0x0000000707200000, 0x0000000707200000|100%| O|  |TAMS 0x0000000707200000, 0x0000000707000000| Untracked 
|   7|0x0000000707200000, 0x0000000707400000, 0x0000000707400000|100%| O|  |TAMS 0x0000000707400000, 0x0000000707200000| Untracked 
|   8|0x0000000707400000, 0x0000000707600000, 0x0000000707600000|100%| O|  |TAMS 0x0000000707600000, 0x0000000707400000| Untracked 
|   9|0x0000000707600000, 0x0000000707800000, 0x0000000707800000|100%| O|  |TAMS 0x0000000707800000, 0x0000000707600000| Untracked 
|  10|0x0000000707800000, 0x0000000707a00000, 0x0000000707a00000|100%| O|  |TAMS 0x0000000707a00000, 0x0000000707800000| Untracked 
|  11|0x0000000707a00000, 0x0000000707c00000, 0x0000000707c00000|100%| O|  |TAMS 0x0000000707c00000, 0x0000000707a00000| Untracked 
|  12|0x0000000707c00000, 0x0000000707e00000, 0x0000000707e00000|100%| O|  |TAMS 0x0000000707e00000, 0x0000000707c00000| Untracked 
|  13|0x0000000707e00000, 0x0000000708000000, 0x0000000708000000|100%| O|  |TAMS 0x0000000708000000, 0x0000000707e00000| Untracked 
|  14|0x0000000708000000, 0x0000000708000000, 0x0000000708200000|  0%| F|  |TAMS 0x0000000708000000, 0x0000000708000000| Untracked 
|  15|0x0000000708200000, 0x0000000708200000, 0x0000000708400000|  0%| F|  |TAMS 0x0000000708200000, 0x0000000708200000| Untracked 
|  16|0x0000000708400000, 0x0000000708400000, 0x0000000708600000|  0%| F|  |TAMS 0x0000000708400000, 0x0000000708400000| Untracked 
|  17|0x0000000708600000, 0x0000000708800000, 0x0000000708800000|100%| O|  |TAMS 0x0000000708800000, 0x0000000708600000| Untracked 
|  18|0x0000000708800000, 0x0000000708800000, 0x0000000708a00000|  0%| F|  |TAMS 0x0000000708800000, 0x0000000708800000| Untracked 
|  19|0x0000000708a00000, 0x0000000708c00000, 0x0000000708c00000|100%| O|  |TAMS 0x0000000708a00000, 0x0000000708a00000| Untracked 
|  20|0x0000000708c00000, 0x0000000708e00000, 0x0000000708e00000|100%| O|  |TAMS 0x0000000708c00000, 0x0000000708c00000| Untracked 
|  21|0x0000000708e00000, 0x0000000709000000, 0x0000000709000000|100%| O|  |TAMS 0x0000000708e00000, 0x0000000708e00000| Untracked 
|  22|0x0000000709000000, 0x00000007091a6000, 0x0000000709200000| 82%| O|  |TAMS 0x0000000709000000, 0x0000000709000000| Untracked 
|  23|0x0000000709200000, 0x0000000709234ab0, 0x0000000709400000| 10%| S|CS|TAMS 0x0000000709200000, 0x0000000709200000| Complete 
|  24|0x0000000709400000, 0x0000000709400000, 0x0000000709600000|  0%| F|  |TAMS 0x0000000709400000, 0x0000000709400000| Untracked 
|  25|0x0000000709600000, 0x0000000709600000, 0x0000000709800000|  0%| F|  |TAMS 0x0000000709600000, 0x0000000709600000| Untracked 
|  26|0x0000000709800000, 0x0000000709800000, 0x0000000709a00000|  0%| F|  |TAMS 0x0000000709800000, 0x0000000709800000| Untracked 
|  27|0x0000000709a00000, 0x0000000709a00000, 0x0000000709c00000|  0%| F|  |TAMS 0x0000000709a00000, 0x0000000709a00000| Untracked 
|  28|0x0000000709c00000, 0x0000000709c00000, 0x0000000709e00000|  0%| F|  |TAMS 0x0000000709c00000, 0x0000000709c00000| Untracked 
|  29|0x0000000709e00000, 0x0000000709e00000, 0x000000070a000000|  0%| F|  |TAMS 0x0000000709e00000, 0x0000000709e00000| Untracked 
|  30|0x000000070a000000, 0x000000070a000000, 0x000000070a200000|  0%| F|  |TAMS 0x000000070a000000, 0x000000070a000000| Untracked 
|  31|0x000000070a200000, 0x000000070a200000, 0x000000070a400000|  0%| F|  |TAMS 0x000000070a200000, 0x000000070a200000| Untracked 
|  32|0x000000070a400000, 0x000000070a400000, 0x000000070a600000|  0%| F|  |TAMS 0x000000070a400000, 0x000000070a400000| Untracked 
|  33|0x000000070a600000, 0x000000070a600000, 0x000000070a800000|  0%| F|  |TAMS 0x000000070a600000, 0x000000070a600000| Untracked 
|  34|0x000000070a800000, 0x000000070a800000, 0x000000070aa00000|  0%| F|  |TAMS 0x000000070a800000, 0x000000070a800000| Untracked 
|  35|0x000000070aa00000, 0x000000070aa00000, 0x000000070ac00000|  0%| F|  |TAMS 0x000000070aa00000, 0x000000070aa00000| Untracked 
|  36|0x000000070ac00000, 0x000000070ac00000, 0x000000070ae00000|  0%| F|  |TAMS 0x000000070ac00000, 0x000000070ac00000| Untracked 
|  37|0x000000070ae00000, 0x000000070af95698, 0x000000070b000000| 79%| E|  |TAMS 0x000000070ae00000, 0x000000070ae00000| Complete 
|  38|0x000000070b000000, 0x000000070b200000, 0x000000070b200000|100%| E|CS|TAMS 0x000000070b000000, 0x000000070b000000| Complete 
|  39|0x000000070b200000, 0x000000070b400000, 0x000000070b400000|100%| E|CS|TAMS 0x000000070b200000, 0x000000070b200000| Complete 
| 122|0x0000000715800000, 0x0000000715a00000, 0x0000000715a00000|100%| E|CS|TAMS 0x0000000715800000, 0x0000000715800000| Complete 
| 124|0x0000000715c00000, 0x0000000715e00000, 0x0000000715e00000|100%| E|CS|TAMS 0x0000000715c00000, 0x0000000715c00000| Complete 

Card table byte_map: [0x0000014d9fe20000,0x0000014da05f0000] _byte_map_base: 0x0000014d9c5ee000

Marking Bits (Prev, Next): (CMBitMap*) 0x0000014d9f47e430, (CMBitMap*) 0x0000014d9f47e470
 Prev Bits: [0x0000014da0dc0000, 0x0000014da4c30000)
 Next Bits: [0x0000014da4c30000, 0x0000014da8aa0000)

Polling page: 0x0000014d8c030000

Metaspace:

Usage:
  Non-class:     40.60 MB capacity,    40.34 MB (>99%) used,   201.96 KB ( <1%) free+waste,    63.44 KB ( <1%) overhead. 
      Class:      4.95 MB capacity,     4.82 MB ( 97%) used,   110.50 KB (  2%) free+waste,    20.88 KB ( <1%) overhead. 
       Both:     45.55 MB capacity,    45.16 MB (>99%) used,   312.46 KB ( <1%) free+waste,    84.31 KB ( <1%) overhead. 

Virtual space:
  Non-class space:       42.00 MB reserved,      40.67 MB ( 97%) committed 
      Class space:        1.00 GB reserved,       4.98 MB ( <1%) committed 
             Both:        1.04 GB reserved,      45.65 MB (  4%) committed 

Chunk freelists:
   Non-Class:  12.00 KB
       Class:  19.00 KB
        Both:  31.00 KB

MaxMetaspaceSize: 17179869184.00 GB
CompressedClassSpaceSize: 1.00 GB

CodeHeap 'non-profiled nmethods': size=120000Kb used=3970Kb max_used=3970Kb free=116029Kb
 bounds [0x0000014d974c0000, 0x0000014d978b0000, 0x0000014d9e9f0000]
CodeHeap 'profiled nmethods': size=120000Kb used=12408Kb max_used=12408Kb free=107591Kb
 bounds [0x0000014d8ff90000, 0x0000014d90bb0000, 0x0000014d974c0000]
CodeHeap 'non-nmethods': size=5760Kb used=1348Kb max_used=1441Kb free=4412Kb
 bounds [0x0000014d8f9f0000, 0x0000014d8fc60000, 0x0000014d8ff90000]
 total_blobs=6685 nmethods=6033 adapters=564
 compilation: enabled
              stopped_count=0, restarted_count=0
 full_count=0

Compilation events (20 events):
Event: 497.473 Thread 0x0000014dabd50650 6976       3       java.util.stream.SortedOps$AbstractRefSortingSink::<init> (11 bytes)
Event: 497.473 Thread 0x0000014dabd50650 nmethod 6976 0x0000014d90babd90 code [0x0000014d90babf60, 0x0000014d90bac468]
Event: 505.097 Thread 0x0000014dabd3c370 6977       4       org.openqa.selenium.json.JsonTypeCoercer::coerce (41 bytes)
Event: 505.098 Thread 0x0000014dabd50650 6978       3       java.util.stream.Collectors$$Lambda$77/0x0000000800187268::<init> (20 bytes)
Event: 505.098 Thread 0x0000014dabd50650 nmethod 6978 0x0000014d90bac610 code [0x0000014d90bac7c0, 0x0000014d90baca58]
Event: 505.098 Thread 0x0000014dabd50650 6979       3       java.util.stream.Collectors$$Lambda$77/0x0000000800187268::get (16 bytes)
Event: 505.098 Thread 0x0000014dabd50650 nmethod 6979 0x0000014d90bacb10 code [0x0000014d90baccc0, 0x0000014d90bace08]
Event: 505.103 Thread 0x0000014dabd3c370 nmethod 6977 0x0000014d9789ec90 code [0x0000014d9789eea0, 0x0000014d9789f500]
Event: 505.599 Thread 0x0000014dabd50650 6980       3       org.openqa.selenium.remote.RemoteWebDriver::findElement (6 bytes)
Event: 505.599 Thread 0x0000014dabd3c370 6982       4       com.google.common.collect.RegularImmutableMap::get (13 bytes)
Event: 505.599 Thread 0x0000014dabd50650 nmethod 6980 0x0000014d90bace90 code [0x0000014d90bad040, 0x0000014d90bad208]
Event: 505.599 Thread 0x0000014dabd50650 6981       3       org.openqa.selenium.By$ByXPath::findElement (14 bytes)
Event: 505.600 Thread 0x0000014dabd50650 nmethod 6981 0x0000014d90bad310 code [0x0000014d90bad4c0, 0x0000014d90bad7a8]
Event: 505.610 Thread 0x0000014dabd3c370 nmethod 6982 0x0000014d9789fc10 code [0x0000014d9789fde0, 0x0000014d978a04e8]
Event: 507.654 Thread 0x0000014dabd50650 6983       3       java.util.Arrays::sort (47 bytes)
Event: 507.655 Thread 0x0000014dabd50650 nmethod 6983 0x0000014d90bad890 code [0x0000014d90bada60, 0x0000014d90badc88]
Event: 510.190 Thread 0x0000014dabd50650 6984       3       java.util.Spliterators::spliterator (16 bytes)
Event: 510.190 Thread 0x0000014dabd50650 nmethod 6984 0x0000014d90badd90 code [0x0000014d90badf60, 0x0000014d90bae358]
Event: 510.190 Thread 0x0000014dabd50650 6985       3       java.util.Spliterators$IteratorSpliterator::<init> (39 bytes)
Event: 510.190 Thread 0x0000014dabd50650 nmethod 6985 0x0000014d90bae490 code [0x0000014d90bae640, 0x0000014d90bae898]

GC Heap History (20 events):
Event: 293.574 GC heap before
{Heap before GC invocations=31 (full 0):
 garbage-first heap   total 86016K, used 71379K [0x0000000706400000, 0x0000000800000000)
  region size 2048K, 18 young (36864K), 1 survivors (2048K)
 Metaspace       used 45866K, capacity 46308K, committed 46492K, reserved 1091584K
  class space    used 4918K, capacity 5068K, committed 5100K, reserved 1048576K
}
Event: 293.574 GC heap after
{Heap after GC invocations=32 (full 0):
 garbage-first heap   total 86016K, used 36581K [0x0000000706400000, 0x0000000800000000)
  region size 2048K, 1 young (2048K), 1 survivors (2048K)
 Metaspace       used 45866K, capacity 46308K, committed 46492K, reserved 1091584K
  class space    used 4918K, capacity 5068K, committed 5100K, reserved 1048576K
}
Event: 304.846 GC heap before
{Heap before GC invocations=32 (full 0):
 garbage-first heap   total 86016K, used 71397K [0x0000000706400000, 0x0000000800000000)
  region size 2048K, 18 young (36864K), 1 survivors (2048K)
 Metaspace       used 45985K, capacity 46372K, committed 46492K, reserved 1091584K
  class space    used 4918K, capacity 5068K, committed 5100K, reserved 1048576K
}
Event: 304.847 GC heap after
{Heap after GC invocations=33 (full 0):
 garbage-first heap   total 86016K, used 36650K [0x0000000706400000, 0x0000000800000000)
  region size 2048K, 1 young (2048K), 1 survivors (2048K)
 Metaspace       used 45985K, capacity 46372K, committed 46492K, reserved 1091584K
  class space    used 4918K, capacity 5068K, committed 5100K, reserved 1048576K
}
Event: 342.426 GC heap before
{Heap before GC invocations=33 (full 0):
 garbage-first heap   total 86016K, used 71466K [0x0000000706400000, 0x0000000800000000)
  region size 2048K, 18 young (36864K), 1 survivors (2048K)
 Metaspace       used 46021K, capacity 46436K, committed 46492K, reserved 1091584K
  class space    used 4918K, capacity 5068K, committed 5100K, reserved 1048576K
}
Event: 342.427 GC heap after
{Heap after GC invocations=34 (full 0):
 garbage-first heap   total 86016K, used 36730K [0x0000000706400000, 0x0000000800000000)
  region size 2048K, 1 young (2048K), 1 survivors (2048K)
 Metaspace       used 46021K, capacity 46436K, committed 46492K, reserved 1091584K
  class space    used 4918K, capacity 5068K, committed 5100K, reserved 1048576K
}
Event: 348.749 GC heap before
{Heap before GC invocations=34 (full 0):
 garbage-first heap   total 86016K, used 71546K [0x0000000706400000, 0x0000000800000000)
  region size 2048K, 18 young (36864K), 1 survivors (2048K)
 Metaspace       used 46029K, capacity 46443K, committed 46492K, reserved 1091584K
  class space    used 4918K, capacity 5068K, committed 5100K, reserved 1048576K
}
Event: 348.751 GC heap after
{Heap after GC invocations=35 (full 0):
 garbage-first heap   total 86016K, used 36616K [0x0000000706400000, 0x0000000800000000)
  region size 2048K, 1 young (2048K), 1 survivors (2048K)
 Metaspace       used 46029K, capacity 46443K, committed 46492K, reserved 1091584K
  class space    used 4918K, capacity 5068K, committed 5100K, reserved 1048576K
}
Event: 383.349 GC heap before
{Heap before GC invocations=35 (full 0):
 garbage-first heap   total 86016K, used 71432K [0x0000000706400000, 0x0000000800000000)
  region size 2048K, 18 young (36864K), 1 survivors (2048K)
 Metaspace       used 46033K, capacity 46443K, committed 46492K, reserved 1091584K
  class space    used 4919K, capacity 5068K, committed 5100K, reserved 1048576K
}
Event: 383.350 GC heap after
{Heap after GC invocations=36 (full 0):
 garbage-first heap   total 86016K, used 36688K [0x0000000706400000, 0x0000000800000000)
  region size 2048K, 1 young (2048K), 1 survivors (2048K)
 Metaspace       used 46033K, capacity 46443K, committed 46492K, reserved 1091584K
  class space    used 4919K, capacity 5068K, committed 5100K, reserved 1048576K
}
Event: 390.544 GC heap before
{Heap before GC invocations=36 (full 0):
 garbage-first heap   total 86016K, used 71504K [0x0000000706400000, 0x0000000800000000)
  region size 2048K, 18 young (36864K), 1 survivors (2048K)
 Metaspace       used 46047K, capacity 46443K, committed 46492K, reserved 1091584K
  class space    used 4919K, capacity 5068K, committed 5100K, reserved 1048576K
}
Event: 390.544 GC heap after
{Heap after GC invocations=37 (full 0):
 garbage-first heap   total 86016K, used 36752K [0x0000000706400000, 0x0000000800000000)
  region size 2048K, 1 young (2048K), 1 survivors (2048K)
 Metaspace       used 46047K, capacity 46443K, committed 46492K, reserved 1091584K
  class space    used 4919K, capacity 5068K, committed 5100K, reserved 1048576K
}
Event: 424.244 GC heap before
{Heap before GC invocations=37 (full 0):
 garbage-first heap   total 86016K, used 71568K [0x0000000706400000, 0x0000000800000000)
  region size 2048K, 18 young (36864K), 1 survivors (2048K)
 Metaspace       used 46049K, capacity 46507K, committed 46748K, reserved 1091584K
  class space    used 4919K, capacity 5068K, committed 5100K, reserved 1048576K
}
Event: 424.245 GC heap after
{Heap after GC invocations=38 (full 0):
 garbage-first heap   total 86016K, used 36650K [0x0000000706400000, 0x0000000800000000)
  region size 2048K, 1 young (2048K), 1 survivors (2048K)
 Metaspace       used 46049K, capacity 46507K, committed 46748K, reserved 1091584K
  class space    used 4919K, capacity 5068K, committed 5100K, reserved 1048576K
}
Event: 431.549 GC heap before
{Heap before GC invocations=38 (full 0):
 garbage-first heap   total 86016K, used 71466K [0x0000000706400000, 0x0000000800000000)
  region size 2048K, 18 young (36864K), 1 survivors (2048K)
 Metaspace       used 46049K, capacity 46507K, committed 46748K, reserved 1091584K
  class space    used 4919K, capacity 5068K, committed 5100K, reserved 1048576K
}
Event: 431.550 GC heap after
{Heap after GC invocations=39 (full 0):
 garbage-first heap   total 86016K, used 36768K [0x0000000706400000, 0x0000000800000000)
  region size 2048K, 1 young (2048K), 1 survivors (2048K)
 Metaspace       used 46049K, capacity 46507K, committed 46748K, reserved 1091584K
  class space    used 4919K, capacity 5068K, committed 5100K, reserved 1048576K
}
Event: 464.987 GC heap before
{Heap before GC invocations=39 (full 0):
 garbage-first heap   total 86016K, used 71584K [0x0000000706400000, 0x0000000800000000)
  region size 2048K, 18 young (36864K), 1 survivors (2048K)
 Metaspace       used 46058K, capacity 46507K, committed 46748K, reserved 1091584K
  class space    used 4919K, capacity 5068K, committed 5100K, reserved 1048576K
}
Event: 464.988 GC heap after
{Heap after GC invocations=40 (full 0):
 garbage-first heap   total 86016K, used 36733K [0x0000000706400000, 0x0000000800000000)
  region size 2048K, 1 young (2048K), 1 survivors (2048K)
 Metaspace       used 46058K, capacity 46507K, committed 46748K, reserved 1091584K
  class space    used 4919K, capacity 5068K, committed 5100K, reserved 1048576K
}
Event: 473.967 GC heap before
{Heap before GC invocations=40 (full 0):
 garbage-first heap   total 86016K, used 71549K [0x0000000706400000, 0x0000000800000000)
  region size 2048K, 18 young (36864K), 1 survivors (2048K)
 Metaspace       used 46086K, capacity 46507K, committed 46748K, reserved 1091584K
  class space    used 4919K, capacity 5068K, committed 5100K, reserved 1048576K
}
Event: 473.968 GC heap after
{Heap after GC invocations=41 (full 0):
 garbage-first heap   total 86016K, used 36714K [0x0000000706400000, 0x0000000800000000)
  region size 2048K, 1 young (2048K), 1 survivors (2048K)
 Metaspace       used 46086K, capacity 46507K, committed 46748K, reserved 1091584K
  class space    used 4919K, capacity 5068K, committed 5100K, reserved 1048576K
}

Deoptimization events (20 events):
Event: 411.721 Thread 0x0000014d8c00c400 DEOPT PACKING pc=0x0000014d9783f578 sp=0x0000001643efce20
Event: 411.721 Thread 0x0000014d8c00c400 DEOPT UNPACKING pc=0x0000014d8fa3e42f sp=0x0000001643efcdd0 mode 2
Event: 468.152 Thread 0x0000014d8c00c400 DEOPT PACKING pc=0x0000014d9082abe6 sp=0x0000001643efd410
Event: 468.152 Thread 0x0000014d8c00c400 DEOPT UNPACKING pc=0x0000014d8fa3e23f sp=0x0000001643efc9a0 mode 0
Event: 473.961 Thread 0x0000014d8c00c400 DEOPT PACKING pc=0x0000014d90389f37 sp=0x0000001643efd440
Event: 473.961 Thread 0x0000014d8c00c400 DEOPT UNPACKING pc=0x0000014d8fa3e23f sp=0x0000001643efc8f0 mode 0
Event: 473.972 Thread 0x0000014d8c00c400 Uncommon trap: trap_request=0xffffffdc fr.pc=0x0000014d97882b74 relative=0x00000000000002d4
Event: 473.972 Thread 0x0000014d8c00c400 Uncommon trap: reason=class_check action=make_not_entrant pc=0x0000014d97882b74 method=java.util.ArrayList.toArray([Ljava/lang/Object;)[Ljava/lang/Object; @ 21 c2
Event: 473.972 Thread 0x0000014d8c00c400 DEOPT PACKING pc=0x0000014d97882b74 sp=0x0000001643efe4e0
Event: 473.972 Thread 0x0000014d8c00c400 DEOPT UNPACKING pc=0x0000014d8fa3e42f sp=0x0000001643efe4b0 mode 2
Event: 474.784 Thread 0x0000014dad5b6660 Uncommon trap: trap_request=0xffffff45 fr.pc=0x0000014d976cda4c relative=0x000000000000030c
Event: 474.784 Thread 0x0000014dad5b6660 Uncommon trap: reason=unstable_if action=reinterpret pc=0x0000014d976cda4c method=sun.nio.ch.Util$BufferCache.get(I)Ljava/nio/ByteBuffer; @ 25 c2
Event: 474.784 Thread 0x0000014dad5b6660 DEOPT PACKING pc=0x0000014d976cda4c sp=0x0000001643cfe9f0
Event: 474.784 Thread 0x0000014dad5b6660 DEOPT UNPACKING pc=0x0000014d8fa3e42f sp=0x0000001643cfe940 mode 2
Event: 474.784 Thread 0x0000014dad5b6660 Uncommon trap: trap_request=0xffffff45 fr.pc=0x0000014d976d1ac8 relative=0x00000000000007a8
Event: 474.784 Thread 0x0000014dad5b6660 Uncommon trap: reason=unstable_if action=reinterpret pc=0x0000014d976d1ac8 method=sun.nio.ch.Util$BufferCache.get(I)Ljava/nio/ByteBuffer; @ 47 c2
Event: 474.784 Thread 0x0000014dad5b6660 DEOPT PACKING pc=0x0000014d976d1ac8 sp=0x0000001643cfea10
Event: 474.784 Thread 0x0000014dad5b6660 DEOPT UNPACKING pc=0x0000014d8fa3e42f sp=0x0000001643cfe8c8 mode 2
Event: 484.778 Thread 0x0000014dad5b91b0 DEOPT PACKING pc=0x0000014d909b6417 sp=0x00000016466fee60
Event: 484.778 Thread 0x0000014dad5b91b0 DEOPT UNPACKING pc=0x0000014d8fa3e23f sp=0x00000016466fe300 mode 3

Classes unloaded (0 events):
No events

Classes redefined (0 events):
No events

Internal exceptions (20 events):
Event: 35.122 Thread 0x0000014d8c00c400 Exception <a 'java/io/FileNotFoundException'{0x000000070a4a7c70}> (0x000000070a4a7c70) 
thrown [./open/src/hotspot/share/prims/jni.cpp, line 578]
Event: 35.122 Thread 0x0000014d8c00c400 Exception <a 'java/io/FileNotFoundException'{0x000000070a4a94c8}> (0x000000070a4a94c8) 
thrown [./open/src/hotspot/share/prims/jni.cpp, line 578]
Event: 47.694 Thread 0x0000014d8c00c400 Exception <a 'java/lang/NoSuchMethodError'{0x000000070a5775c8}: 'java.lang.Object java.lang.invoke.Invokers$Holder.invoke_MT(java.lang.Object, java.lang.Object, java.lang.Object)'> (0x000000070a5775c8) 
thrown [./open/src/hotspot/share/interpreter/linkResolver.cpp, line 782]
Event: 47.700 Thread 0x0000014d8c00c400 Implicit null exception at 0x0000014d9772d280 to 0x0000014d9772e044
Event: 47.700 Thread 0x0000014d8c00c400 Exception <a 'java/lang/ClassNotFoundException'{0x000000070a5eacb0}: com/aventstack/extentreports/model/ScreenCaptureBeanInfo> (0x000000070a5eacb0) 
thrown [./open/src/hotspot/share/classfile/systemDictionary.cpp, line 295]
Event: 47.701 Thread 0x0000014d8c00c400 Exception <a 'java/lang/ClassNotFoundException'{0x000000070a5ef2d8}: com/aventstack/extentreports/model/MediaBeanInfo> (0x000000070a5ef2d8) 
thrown [./open/src/hotspot/share/classfile/systemDictionary.cpp, line 295]
Event: 47.701 Thread 0x0000014d8c00c400 Exception <a 'java/lang/ClassNotFoundException'{0x000000070a5f3908}: com/aventstack/extentreports/model/MediaCustomizer> (0x000000070a5f3908) 
thrown [./open/src/hotspot/share/classfile/systemDictionary.cpp, line 295]
Event: 47.701 Thread 0x0000014d8c00c400 Exception <a 'java/lang/ClassNotFoundException'{0x000000070a5ffad0}: com/aventstack/extentreports/model/ScreenCaptureCustomizer> (0x000000070a5ffad0) 
thrown [./open/src/hotspot/share/classfile/systemDictionary.cpp, line 295]
Event: 47.704 Thread 0x0000014d8c00c400 Exception <a 'java/lang/NullPointerException'{0x000000070a233568}> (0x000000070a233568) 
thrown [./open/src/hotspot/share/interpreter/linkResolver.cpp, line 1374]
Event: 47.844 Thread 0x0000014d8c00c400 Exception <a 'java/lang/NullPointerException'{0x0000000715cb8c10}> (0x0000000715cb8c10) 
thrown [./open/src/hotspot/share/interpreter/linkResolver.cpp, line 1374]
Event: 48.005 Thread 0x0000014d8c00c400 Exception <a 'java/lang/reflect/InvocationTargetException'{0x000000070b1e73d0}> (0x000000070b1e73d0) 
thrown [./open/src/hotspot/share/runtime/reflection.cpp, line 1157]
Event: 48.206 Thread 0x0000014d8c00c400 Exception <a 'java/net/SocketException'{0x000000070ae357b0}: Socket is not connected: shutdown> (0x000000070ae357b0) 
thrown [./open/src/hotspot/share/prims/jni.cpp, line 599]
Event: 48.720 Thread 0x0000014dad4db090 Exception <a 'java/net/SocketException'{0x000000070aed8460}: Socket is not connected: shutdown> (0x000000070aed8460) 
thrown [./open/src/hotspot/share/prims/jni.cpp, line 599]
Event: 97.472 Thread 0x0000014d8c00c400 Exception <a 'java/lang/NullPointerException'{0x000000070b063be8}> (0x000000070b063be8) 
thrown [./open/src/hotspot/share/interpreter/linkResolver.cpp, line 1374]
Event: 97.609 Thread 0x0000014d8c00c400 Exception <a 'java/lang/NullPointerException'{0x000000070ab8af50}> (0x000000070ab8af50) 
thrown [./open/src/hotspot/share/interpreter/linkResolver.cpp, line 1374]
Event: 97.746 Thread 0x0000014d8c00c400 Exception <a 'java/lang/reflect/InvocationTargetException'{0x000000070a2b7040}> (0x000000070a2b7040) 
thrown [./open/src/hotspot/share/runtime/reflection.cpp, line 1157]
Event: 97.895 Thread 0x0000014d8c00c400 Exception <a 'java/net/SocketException'{0x000000070a2ee2c0}: Socket is not connected: shutdown> (0x000000070a2ee2c0) 
thrown [./open/src/hotspot/share/prims/jni.cpp, line 599]
Event: 473.971 Thread 0x0000014d8c00c400 Exception <a 'java/lang/reflect/InvocationTargetException'{0x0000000715cd12c0}> (0x0000000715cd12c0) 
thrown [./open/src/hotspot/share/runtime/reflection.cpp, line 1157]
Event: 474.259 Thread 0x0000014d8c00c400 Exception <a 'java/net/SocketException'{0x0000000715d05e40}: Socket is not connected: shutdown> (0x0000000715d05e40) 
thrown [./open/src/hotspot/share/prims/jni.cpp, line 599]
Event: 474.770 Thread 0x0000014dad5b6660 Exception <a 'java/net/SocketException'{0x0000000715d9e230}: Socket is not connected: shutdown> (0x0000000715d9e230) 
thrown [./open/src/hotspot/share/prims/jni.cpp, line 599]

Events (20 events):
Event: 483.048 loading class java/awt/event/InputMethodEvent done
Event: 483.048 loading class java/awt/event/ActionEvent
Event: 483.048 loading class java/awt/event/ActionEvent done
Event: 483.048 loading class java/util/concurrent/locks/AbstractQueuedSynchronizer$ConditionNode
Event: 483.048 loading class java/util/concurrent/ForkJoinPool$ManagedBlocker
Event: 483.048 loading class java/util/concurrent/ForkJoinPool$ManagedBlocker done
Event: 483.048 loading class java/util/concurrent/locks/AbstractQueuedSynchronizer$Node
Event: 483.049 loading class java/util/concurrent/locks/AbstractQueuedSynchronizer$Node done
Event: 483.049 loading class java/util/concurrent/locks/AbstractQueuedSynchronizer$ConditionNode done
Event: 484.778 loading class java/util/concurrent/locks/AbstractQueuedSynchronizer$ExclusiveNode
Event: 484.778 loading class java/util/concurrent/locks/AbstractQueuedSynchronizer$ExclusiveNode done
Event: 484.778 Thread 0x0000014dad5b91b0 Thread exited: 0x0000014dad5b91b0
Event: 484.778 Thread 0x0000014dad5b5cc0 Thread exited: 0x0000014dad5b5cc0
Event: 484.974 Executing VM operation: HandshakeAllThreads
Event: 484.975 Executing VM operation: HandshakeAllThreads done
Event: 502.933 Thread 0x0000014dad5b9680 Thread added: 0x0000014dad5b9680
Event: 503.934 Thread 0x0000014dad5b9680 Thread exited: 0x0000014dad5b9680
Event: 503.983 Executing VM operation: HandshakeAllThreads
Event: 503.984 Executing VM operation: HandshakeAllThreads done
Event: 515.536 Thread 0x0000014dad5bae90 Thread added: 0x0000014dad5bae90


Dynamic libraries:
0x00007ff65a700000 - 0x00007ff65a70d000 	C:\Users\Kiruthika.R\Downloads\eclipse-java-2020-12-R-win32-x86_64\eclipse\plugins\org.eclipse.justj.openjdk.hotspot.jre.full.win32.x86_64_15.0.1.v20201027-0507\jre\bin\javaw.exe
0x00007ffe3a680000 - 0x00007ffe3a870000 	C:\Windows\SYSTEM32\ntdll.dll
0x00007ffe39a70000 - 0x00007ffe39b22000 	C:\Windows\System32\KERNEL32.DLL
0x00007ffe382d0000 - 0x00007ffe38576000 	C:\Windows\System32\KERNELBASE.dll
0x00007ffe37ea0000 - 0x00007ffe37f9a000 	C:\Windows\System32\ucrtbase.dll
0x00007ffe31dd0000 - 0x00007ffe31de8000 	C:\Users\Kiruthika.R\Downloads\eclipse-java-2020-12-R-win32-x86_64\eclipse\plugins\org.eclipse.justj.openjdk.hotspot.jre.full.win32.x86_64_15.0.1.v20201027-0507\jre\bin\jli.dll
0x00007ffe31d90000 - 0x00007ffe31da9000 	C:\Users\Kiruthika.R\Downloads\eclipse-java-2020-12-R-win32-x86_64\eclipse\plugins\org.eclipse.justj.openjdk.hotspot.jre.full.win32.x86_64_15.0.1.v20201027-0507\jre\bin\VCRUNTIME140.dll
0x00007ffe3a0c0000 - 0x00007ffe3a254000 	C:\Windows\System32\USER32.dll
0x00007ffe37e20000 - 0x00007ffe37e41000 	C:\Windows\System32\win32u.dll
0x00007ffe38850000 - 0x00007ffe38876000 	C:\Windows\System32\GDI32.dll
0x00007ffe15d90000 - 0x00007ffe16014000 	C:\Windows\WinSxS\amd64_microsoft.windows.common-controls_6595b64144ccf1df_6.0.18362.1734_none_9e7c63e3e45fdc87\COMCTL32.dll
0x00007ffe38580000 - 0x00007ffe38718000 	C:\Windows\System32\gdi32full.dll
0x00007ffe3a260000 - 0x00007ffe3a2fe000 	C:\Windows\System32\msvcrt.dll
0x00007ffe37d80000 - 0x00007ffe37e1e000 	C:\Windows\System32\msvcp_win.dll
0x00007ffe39d80000 - 0x00007ffe3a0b6000 	C:\Windows\System32\combase.dll
0x00007ffe39b40000 - 0x00007ffe39c5f000 	C:\Windows\System32\RPCRT4.dll
0x00007ffe37fa0000 - 0x00007ffe38024000 	C:\Windows\System32\bcryptPrimitives.dll
0x00007ffe390b0000 - 0x00007ffe390de000 	C:\Windows\System32\IMM32.DLL
0x00007ffe36810000 - 0x00007ffe3697b000 	C:\Program Files\Avecto\Privilege Guard Client\PGHook.dll
0x00007ffe39cd0000 - 0x00007ffe39d73000 	C:\Windows\System32\ADVAPI32.dll
0x00007ffe39010000 - 0x00007ffe390a7000 	C:\Windows\System32\sechost.dll
0x00007ffe375e0000 - 0x00007ffe375f7000 	C:\Windows\System32\CRYPTSP.dll
0x00007ffe367d0000 - 0x00007ffe36803000 	C:\Windows\system32\rsaenh.dll
0x00007ffe38030000 - 0x00007ffe38056000 	C:\Windows\System32\bcrypt.dll
0x00007ffe36f40000 - 0x00007ffe36f4c000 	C:\Windows\SYSTEM32\CRYPTBASE.dll
0x0000000068000000 - 0x0000000068071000 	C:\Windows\System32\QIPCAP64.dll
0x00007ffe38880000 - 0x00007ffe38f67000 	C:\Windows\System32\SHELL32.dll
0x00007ffe37e50000 - 0x00007ffe37e9a000 	C:\Windows\System32\cfgmgr32.dll
0x00007ffe3a300000 - 0x00007ffe3a3a9000 	C:\Windows\System32\shcore.dll
0x00007ffe37600000 - 0x00007ffe37d7b000 	C:\Windows\System32\windows.storage.dll
0x00007ffe375c0000 - 0x00007ffe375de000 	C:\Windows\System32\profapi.dll
0x00007ffe37570000 - 0x00007ffe375ba000 	C:\Windows\System32\powrprof.dll
0x00007ffe37520000 - 0x00007ffe37530000 	C:\Windows\System32\UMPDC.dll
0x00007ffe39c70000 - 0x00007ffe39cc2000 	C:\Windows\System32\shlwapi.dll
0x00007ffe37530000 - 0x00007ffe37541000 	C:\Windows\System32\kernel.appcore.dll
0x00007ffe36ac0000 - 0x00007ffe36b8a000 	C:\Windows\SYSTEM32\DNSAPI.dll
0x00007ffe38720000 - 0x00007ffe3878f000 	C:\Windows\System32\WS2_32.dll
0x00007ffe39c60000 - 0x00007ffe39c68000 	C:\Windows\System32\NSI.dll
0x00007ffe36a80000 - 0x00007ffe36aba000 	C:\Windows\SYSTEM32\IPHLPAPI.DLL
0x00007ffdf4370000 - 0x00007ffdf4414000 	C:\Program Files\McAfee\Endpoint Security\Threat Prevention\Ips\EpMPApi.dll
0x00007ffe38110000 - 0x00007ffe3816c000 	C:\Windows\System32\WINTRUST.dll
0x00007ffe37550000 - 0x00007ffe37562000 	C:\Windows\System32\MSASN1.dll
0x0000014d8bd60000 - 0x0000014d8beb1000 	C:\Windows\System32\CRYPT32.dll
0x0000000077e30000 - 0x0000000077e3c000 	C:\Program Files\McAfee\Endpoint Security\Threat Prevention\Ips\EpMPThe.dll
0x00007ffe2a790000 - 0x00007ffe2a79c000 	C:\Users\Kiruthika.R\Downloads\eclipse-java-2020-12-R-win32-x86_64\eclipse\plugins\org.eclipse.justj.openjdk.hotspot.jre.full.win32.x86_64_15.0.1.v20201027-0507\jre\bin\vcruntime140_1.dll
0x00007ffdf6430000 - 0x00007ffdf64c1000 	C:\Users\Kiruthika.R\Downloads\eclipse-java-2020-12-R-win32-x86_64\eclipse\plugins\org.eclipse.justj.openjdk.hotspot.jre.full.win32.x86_64_15.0.1.v20201027-0507\jre\bin\msvcp140.dll
0x00007ffdadbc0000 - 0x00007ffdae71e000 	C:\Users\Kiruthika.R\Downloads\eclipse-java-2020-12-R-win32-x86_64\eclipse\plugins\org.eclipse.justj.openjdk.hotspot.jre.full.win32.x86_64_15.0.1.v20201027-0507\jre\bin\server\jvm.dll
0x00007ffe3a3b0000 - 0x00007ffe3a3b8000 	C:\Windows\System32\PSAPI.DLL
0x00007ffe13a20000 - 0x00007ffe13a29000 	C:\Windows\SYSTEM32\WSOCK32.dll
0x00007ffe31d40000 - 0x00007ffe31d64000 	C:\Windows\SYSTEM32\WINMM.dll
0x00007ffe28b80000 - 0x00007ffe28b8a000 	C:\Windows\SYSTEM32\VERSION.dll
0x00007ffe31d10000 - 0x00007ffe31d3d000 	C:\Windows\SYSTEM32\WINMMBASE.dll
0x00007ffe2a780000 - 0x00007ffe2a78a000 	C:\Users\Kiruthika.R\Downloads\eclipse-java-2020-12-R-win32-x86_64\eclipse\plugins\org.eclipse.justj.openjdk.hotspot.jre.full.win32.x86_64_15.0.1.v20201027-0507\jre\bin\jimage.dll
0x00007ffe329c0000 - 0x00007ffe32bb4000 	C:\Windows\SYSTEM32\DBGHELP.DLL
0x00007ffe1b120000 - 0x00007ffe1b14a000 	C:\Windows\SYSTEM32\dbgcore.DLL
0x00007ffe20030000 - 0x00007ffe20055000 	C:\Users\Kiruthika.R\Downloads\eclipse-java-2020-12-R-win32-x86_64\eclipse\plugins\org.eclipse.justj.openjdk.hotspot.jre.full.win32.x86_64_15.0.1.v20201027-0507\jre\bin\java.dll
0x00007ffe2a760000 - 0x00007ffe2a778000 	C:\Users\Kiruthika.R\Downloads\eclipse-java-2020-12-R-win32-x86_64\eclipse\plugins\org.eclipse.justj.openjdk.hotspot.jre.full.win32.x86_64_15.0.1.v20201027-0507\jre\bin\zip.dll
0x00007ffe25820000 - 0x00007ffe25839000 	C:\Users\Kiruthika.R\Downloads\eclipse-java-2020-12-R-win32-x86_64\eclipse\plugins\org.eclipse.justj.openjdk.hotspot.jre.full.win32.x86_64_15.0.1.v20201027-0507\jre\bin\net.dll
0x00007ffe2f740000 - 0x00007ffe2f839000 	C:\Windows\SYSTEM32\WINHTTP.dll
0x00007ffe36d70000 - 0x00007ffe36dd7000 	C:\Windows\system32\mswsock.dll
0x00007ffe21cd0000 - 0x00007ffe21ce2000 	C:\Users\Kiruthika.R\Downloads\eclipse-java-2020-12-R-win32-x86_64\eclipse\plugins\org.eclipse.justj.openjdk.hotspot.jre.full.win32.x86_64_15.0.1.v20201027-0507\jre\bin\nio.dll
0x00007ffe2afe0000 - 0x00007ffe2afea000 	C:\Windows\System32\rasadhlp.dll
0x00007ffe2e9e0000 - 0x00007ffe2ea57000 	C:\Windows\System32\fwpuclnt.dll
0x00007ffe37410000 - 0x00007ffe37435000 	C:\Windows\SYSTEM32\USERENV.dll
0x00007ffe2d560000 - 0x00007ffe2d576000 	C:\Windows\SYSTEM32\dhcpcsvc6.DLL
0x00007ffe2d410000 - 0x00007ffe2d42c000 	C:\Windows\SYSTEM32\dhcpcsvc.DLL
0x00007ffe25520000 - 0x00007ffe25530000 	C:\Users\Kiruthika.R\Downloads\eclipse-java-2020-12-R-win32-x86_64\eclipse\plugins\org.eclipse.justj.openjdk.hotspot.jre.full.win32.x86_64_15.0.1.v20201027-0507\jre\bin\verify.dll
0x00007ffe217d0000 - 0x00007ffe217dd000 	C:\Users\Kiruthika.R\Downloads\eclipse-java-2020-12-R-win32-x86_64\eclipse\plugins\org.eclipse.justj.openjdk.hotspot.jre.full.win32.x86_64_15.0.1.v20201027-0507\jre\bin\sunmscapi.dll
0x00007ffe37040000 - 0x00007ffe37066000 	C:\Windows\SYSTEM32\ncrypt.dll
0x00007ffe37000000 - 0x00007ffe3703b000 	C:\Windows\SYSTEM32\NTASN1.dll
0x00007ffe21770000 - 0x00007ffe21779000 	C:\Users\Kiruthika.R\Downloads\eclipse-java-2020-12-R-win32-x86_64\eclipse\plugins\org.eclipse.justj.openjdk.hotspot.jre.full.win32.x86_64_15.0.1.v20201027-0507\jre\bin\management.dll
0x00007ffe20ec0000 - 0x00007ffe20ecb000 	C:\Users\Kiruthika.R\Downloads\eclipse-java-2020-12-R-win32-x86_64\eclipse\plugins\org.eclipse.justj.openjdk.hotspot.jre.full.win32.x86_64_15.0.1.v20201027-0507\jre\bin\management_ext.dll
0x00007ffdf6b00000 - 0x00007ffdf6b16000 	C:\Windows\system32\napinsp.dll
0x00007ffdf6ae0000 - 0x00007ffdf6afa000 	C:\Windows\system32\pnrpnsp.dll
0x00007ffdf6ad0000 - 0x00007ffdf6ade000 	C:\Windows\System32\winrnr.dll
0x00007ffe316a0000 - 0x00007ffe316bc000 	C:\Windows\system32\NLAapi.dll
0x00007ffe2eef0000 - 0x00007ffe2ef05000 	C:\Windows\system32\wshbth.dll
0x00007ffddf370000 - 0x00007ffddf4ef000 	C:\Users\Kiruthika.R\Downloads\eclipse-java-2020-12-R-win32-x86_64\eclipse\plugins\org.eclipse.justj.openjdk.hotspot.jre.full.win32.x86_64_15.0.1.v20201027-0507\jre\bin\awt.dll
0x0000014daf560000 - 0x0000014daf625000 	C:\Windows\System32\OLEAUT32.dll
0x00007ffe31ae0000 - 0x00007ffe31b6f000 	C:\Windows\SYSTEM32\apphelp.dll
0x00007ffe32140000 - 0x00007ffe3216d000 	C:\Windows\system32\DWMAPI.DLL
0x00007ffe31ea0000 - 0x00007ffe31f39000 	C:\Windows\system32\uxtheme.dll
0x00007ffde7d90000 - 0x00007ffde7ee6000 	C:\Windows\system32\opengl32.dll
0x00007ffde7cc0000 - 0x00007ffde7cec000 	C:\Windows\SYSTEM32\GLU32.dll
0x00007ffe35d80000 - 0x00007ffe35da0000 	C:\Windows\SYSTEM32\dxcore.dll
0x00007ffe3a3c0000 - 0x00007ffe3a4f5000 	C:\Windows\System32\MSCTF.dll
0x00007ffe39690000 - 0x00007ffe397e7000 	C:\Windows\System32\ole32.dll

dbghelp: loaded successfully - version: 4.0.5 - missing functions: none
symbol engine: initialized successfully - sym options: 0x614 - pdb path: .;C:\Users\Kiruthika.R\Downloads\eclipse-java-2020-12-R-win32-x86_64\eclipse\plugins\org.eclipse.justj.openjdk.hotspot.jre.full.win32.x86_64_15.0.1.v20201027-0507\jre\bin;C:\Windows\SYSTEM32;C:\Windows\WinSxS\amd64_microsoft.windows.common-controls_6595b64144ccf1df_6.0.18362.1734_none_9e7c63e3e45fdc87;C:\Program Files\Avecto\Privilege Guard Client;C:\Program Files\McAfee\Endpoint Security\Threat Prevention\Ips;C:\Users\Kiruthika.R\Downloads\eclipse-java-2020-12-R-win32-x86_64\eclipse\plugins\org.eclipse.justj.openjdk.hotspot.jre.full.win32.x86_64_15.0.1.v20201027-0507\jre\bin\server

VM Arguments:
jvm_args: -ea -Dfile.encoding=UTF-8 -XX:+ShowCodeDetailsInExceptionMessages 
java_command: org.testng.remote.RemoteTestNG -serport 63962 -protocol json -d C:\Users\Kiruthika.R\git\Test-Automation\LHHAutomationFramework\test-output C:\Users\KIRUTH~1.R\AppData\Local\Temp\testng-eclipse-664715502\testng-customsuite.xml
java_class_path (initial): D:\Eclips\eclipse\configuration\org.eclipse.osgi\443\0\.cp\lib\testng-remote.jar;C:\Users\Kiruthika.R\git\Test-Automation\LHHAutomationFramework\target\test-classes;C:\Users\Kiruthika.R\git\Test-Automation\LHHAutomationFramework\target\classes;C:\Users\Kiruthika.R\.m2\repository\org\json\json\20180813\json-20180813.jar;C:\Users\Kiruthika.R\.m2\repository\com\google\code\gson\gson\2.8.5\gson-2.8.5.jar;C:\Users\Kiruthika.R\.m2\repository\com\google\guava\guava\26.0-jre\guava-26.0-jre.jar;C:\Users\Kiruthika.R\.m2\repository\com\google\code\findbugs\jsr305\3.0.2\jsr305-3.0.2.jar;C:\Users\Kiruthika.R\.m2\repository\org\checkerframework\checker-qual\2.5.2\checker-qual-2.5.2.jar;C:\Users\Kiruthika.R\.m2\repository\com\google\errorprone\error_prone_annotations\2.1.3\error_prone_annotations-2.1.3.jar;C:\Users\Kiruthika.R\.m2\repository\com\google\j2objc\j2objc-annotations\1.1\j2objc-annotations-1.1.jar;C:\Users\Kiruthika.R\.m2\repository\org\codehaus\mojo\animal-sniffer-annotations\1.14\animal-sniffer-annotations-1.14.jar;C:\Users\Kiruthika.R\.m2\repository\org\apache\logging\log4j\log4j-core\2.13.1\log4j-core-2.13.1.jar;C:\Users\Kiruthika.R\.m2\repository\org\apache\logging\log4j\log4j-api\2.13.1\log4j-api-2.13.1.jar;C:\Users\Kiruthika.R\.m2\repository\org\seleniumhq\selenium\selenium-server\3.141.59\selenium-server-3.141.59.jar;C:\Users\Kiruthika.R\.m2\repository\org\seleniumhq\selenium\selenium-java\3.141.59\selenium-java-3.141.59.jar;C:\Users\Kiruthika.R\.m2\repository\org\seleniumhq\selenium\selenium-api\3.141.59\selenium-api-3.141.59.jar;C:\Users\Kiruthika.R\.m2\repository\org\seleniumhq\selenium\selenium-chrome-driver\3.141.59\selenium-chrome-driver-3.141.59.jar;C:\Users\Kiruthika.R\.m2\repository\org\seleniumhq\selenium\selenium-edge-driver\3.141.59\selenium-edge-driver-3.141.59.jar;C:\Users\Kiruthika.R\.m2\repository\org\seleniumhq\selenium\selenium-firefox-driver\3.141.59\selenium-firefox-driver-3.141.59.jar;C:\Users\Kiruthika.R\.m2\rep
Launcher Type: SUN_STANDARD

[Global flags]
     intx CICompilerCount                          = 4                                         {product} {ergonomic}
     uint ConcGCThreads                            = 2                                         {product} {ergonomic}
     uint G1ConcRefinementThreads                  = 8                                         {product} {ergonomic}
   size_t G1HeapRegionSize                         = 2097152                                   {product} {ergonomic}
    uintx GCDrainStackTargetSize                   = 64                                        {product} {ergonomic}
   size_t InitialHeapSize                          = 262144000                                 {product} {ergonomic}
   size_t MarkStackSize                            = 4194304                                   {product} {ergonomic}
   size_t MaxHeapSize                              = 4190109696                                {product} {ergonomic}
   size_t MaxNewSize                               = 2512388096                                {product} {ergonomic}
   size_t MinHeapDeltaBytes                        = 2097152                                   {product} {ergonomic}
   size_t MinHeapSize                              = 8388608                                   {product} {ergonomic}
    uintx NonNMethodCodeHeapSize                   = 5839372                                {pd product} {ergonomic}
    uintx NonProfiledCodeHeapSize                  = 122909434                              {pd product} {ergonomic}
    uintx ProfiledCodeHeapSize                     = 122909434                              {pd product} {ergonomic}
    uintx ReservedCodeCacheSize                    = 251658240                              {pd product} {ergonomic}
     bool SegmentedCodeCache                       = true                                      {product} {ergonomic}
     bool ShowCodeDetailsInExceptionMessages       = true                                   {manageable} {command line}
   size_t SoftMaxHeapSize                          = 4190109696                             {manageable} {ergonomic}
     bool UseCompressedClassPointers               = true                                 {lp64_product} {ergonomic}
     bool UseCompressedOops                        = true                                 {lp64_product} {ergonomic}
     bool UseG1GC                                  = true                                      {product} {ergonomic}
     bool UseLargePagesIndividualAllocation        = false                                  {pd product} {ergonomic}

Logging:
Log output configuration:
 #0: stdout all=warning uptime,level,tags
 #1: stderr all=off uptime,level,tags

Environment Variables:
PATH=D:/Eclips/eclipse//plugins/org.eclipse.justj.openjdk.hotspot.jre.full.win32.x86_64_15.0.1.v20201027-0507/jre/bin/server;D:/Eclips/eclipse//plugins/org.eclipse.justj.openjdk.hotspot.jre.full.win32.x86_64_15.0.1.v20201027-0507/jre/bin;C:\Program Files\Microsoft MPI\Bin\;C:\Windows\system32;C:\Windows;C:\Windows\System32\Wbem;C:\Windows\System32\WindowsPowerShell\v1.0\;C:\Windows\System32\OpenSSH\;C:\Program Files\TortoiseSVN\bin;C:\Program Files\ojdkbuild\java-1.8.0-openjdk-1.8.0.242-1\bin;C:\Program Files\ojdkbuild\java-1.8.0-openjdk-1.8.0.242-1\jre\bin;C:\Program Files\nodejs\;C:\Program Files (x86)\Microsoft SQL Server\140\Tools\Binn\;C:\Program Files\Microsoft SQL Server\140\Tools\Binn\;C:\Program Files (x86)\Microsoft SQL Server\140\DTS\Binn\;C:\Program Files\Microsoft SQL Server\140\DTS\Binn\;C:\Program Files\Microsoft SQL Server\Client SDK\ODBC\130\Tools\Binn\;C:\Program Files (x86)\Microsoft SQL Server\150\DTS\Binn\;C:\Program Files\Azure Data Studio\bin;C:\Program Files (x86)\Pulse Secure\VC142.CRT\X64\;C:\Program Files (x86)\Pulse Secure\VC142.CRT\X86\;C:\Users\Kiruthika.R\AppData\Local\Microsoft\WindowsApps;C:\Users\Kiruthika.R\AppData\Roaming\npm;D:\Eclips\eclipse;
USERNAME=Kiruthika.R
OS=Windows_NT
PROCESSOR_IDENTIFIER=Intel64 Family 6 Model 142 Stepping 12, GenuineIntel



---------------  S Y S T E M  ---------------

OS:
 Windows 10 , 64 bit Build 18362 (10.0.18362.1714)
OS uptime: 4 days 20:38 hours

CPU: total 8 (initial active 8) (4 cores per cpu, 2 threads per core) family 6 model 142 stepping 12 microcode 0xde, cmov, cx8, fxsr, mmx, sse, sse2, sse3, ssse3, sse4.1, sse4.2, popcnt, vzeroupper, avx, avx2, aes, clmul, erms, 3dnowpref, lzcnt, ht, tsc, tscinvbit, bmi1, bmi2, adx, fma, clflush, clflushopt

Memory: 4k page, system-wide physical 15980M (5979M free)
TotalPageFile size 26732M (AvailPageFile size 11396M)
current process WorkingSet (physical memory assigned to process): 215M, peak: 236M
current process commit charge ("private bytes"): 243M, peak: 382M

vm_info: OpenJDK 64-Bit Server VM (15.0.1+9-18) for windows-amd64 JRE (15.0.1+9-18), built on Sep 15 2020 14:39:31 by "mach5one" with unknown MS VC++:1925

END.
